#0 building with "desktop-linux" instance using docker driver

#1 [internal] load build definition from Dockerfile.v79.3
#1 transferring dockerfile: 3.38kB done
#1 DONE 0.0s

#2 [internal] load metadata for docker.io/pytorch/pytorch:2.1.2-cuda12.1-cudnn8-devel
#2 ...

#3 [auth] pytorch/pytorch:pull token for registry-1.docker.io
#3 DONE 0.0s

#2 [internal] load metadata for docker.io/pytorch/pytorch:2.1.2-cuda12.1-cudnn8-devel
#2 DONE 0.8s

#4 [internal] load .dockerignore
#4 transferring context: 2B 0.0s done
#4 DONE 0.0s

#5 [ 1/12] FROM docker.io/pytorch/pytorch:2.1.2-cuda12.1-cudnn8-devel@sha256:a5de097b482f5927baf2322f4419f11044bfe4f08c7b7593dbaff8e41d03a204
#5 DONE 0.0s

#6 [ 2/12] RUN apt-get update && apt-get install -y     git     ffmpeg     gcc     g++     build-essential     && rm -rf /var/lib/apt/lists/*
#6 CACHED

#7 [internal] load build context
#7 transferring context: 248B done
#7 DONE 0.0s

#8 [ 3/12] RUN mkdir -p /runpod-volume/huggingface/hub &&     chmod -R 777 /runpod-volume/huggingface
#8 DONE 0.2s

#9 [ 4/12] WORKDIR /app
#9 DONE 0.0s

#10 [ 5/12] COPY multitalk_v75_0_json_input.py .
#10 DONE 0.0s

#11 [ 6/12] COPY handler_v75.py handler.py
#11 DONE 0.0s

#12 [ 7/12] COPY setup_official_multitalk_v78.sh .
#12 DONE 0.0s

#13 [ 8/12] RUN pip install --no-cache-dir     runpod==1.7.3     numpy==1.24.3     scipy==1.10.1     transformers==4.43.3     tokenizers==0.19.1     librosa==0.10.2     soundfile==0.12.1     diffusers>=0.31.0     accelerate>=1.1.1     safetensors>=0.4.3     opencv-python>=4.9.0     imageio>=2.30.0     huggingface-hub==0.23.5     einops     rotary-embedding-torch     tensorboardX     omegaconf     easydict     ftfy     xformers>=0.0.28     xfuser     timm     sentencepiece     peft     bitsandbytes     boto3     moviepy     imageio-ffmpeg
#13 157.5 WARNING: Running pip as the 'root' user can result in broken permissions and conflicting behaviour with the system package manager. It is recommended to use a virtual environment instead: https://pip.pypa.io/warnings/venv
#13 DONE 159.4s

#14 [ 9/12] RUN chmod +x setup_official_multitalk_v78.sh &&     ./setup_official_multitalk_v78.sh
#14 0.268 ==========================================
#14 0.268 Setting up MultiTalk V78 - Replicate Approach
#14 0.268 ==========================================
#14 0.269 📁 Creating directory structure...
#14 0.298 📥 Cloning official MultiTalk repository...
#14 0.321 Cloning into 'MultiTalk'...
#14 1.439 📋 Copying official implementation (without kokoro)...
#14 1.456 cp: cannot stat 'scripts/generate_multitalk.py': No such file or directory
#14 1.457 ⚠️ generate_multitalk.py not found in scripts/, checking root...
#14 1.504 🔧 Patching generate_multitalk.py to remove kokoro dependency...
#14 1.524 Found kokoro import, removing it...
#14 1.594 📦 Installing MultiTalk-specific dependencies...
#14 2.041 Requirement already satisfied: einops in /opt/conda/lib/python3.10/site-packages (0.8.1)
#14 2.041 Requirement already satisfied: rotary-embedding-torch in /opt/conda/lib/python3.10/site-packages (0.8.8)
#14 2.042 Requirement already satisfied: tensorboardX in /opt/conda/lib/python3.10/site-packages (2.6.4)
#14 2.043 Requirement already satisfied: omegaconf in /opt/conda/lib/python3.10/site-packages (2.3.0)
#14 2.047 Requirement already satisfied: torch>=2.0 in /opt/conda/lib/python3.10/site-packages (from rotary-embedding-torch) (2.7.1)
#14 2.049 Requirement already satisfied: numpy in /opt/conda/lib/python3.10/site-packages (from tensorboardX) (1.24.3)
#14 2.050 Requirement already satisfied: packaging in /opt/conda/lib/python3.10/site-packages (from tensorboardX) (23.1)
#14 2.050 Requirement already satisfied: protobuf>=3.20 in /opt/conda/lib/python3.10/site-packages (from tensorboardX) (6.31.1)
#14 2.054 Requirement already satisfied: antlr4-python3-runtime==4.9.* in /opt/conda/lib/python3.10/site-packages (from omegaconf) (4.9.3)
#14 2.055 Requirement already satisfied: PyYAML>=5.1.0 in /opt/conda/lib/python3.10/site-packages (from omegaconf) (6.0.1)
#14 2.083 Requirement already satisfied: filelock in /opt/conda/lib/python3.10/site-packages (from torch>=2.0->rotary-embedding-torch) (3.13.1)
#14 2.084 Requirement already satisfied: typing-extensions>=4.10.0 in /opt/conda/lib/python3.10/site-packages (from torch>=2.0->rotary-embedding-torch) (4.14.1)
#14 2.085 Requirement already satisfied: sympy>=1.13.3 in /opt/conda/lib/python3.10/site-packages (from torch>=2.0->rotary-embedding-torch) (1.14.0)
#14 2.085 Requirement already satisfied: networkx in /opt/conda/lib/python3.10/site-packages (from torch>=2.0->rotary-embedding-torch) (3.1)
#14 2.086 Requirement already satisfied: jinja2 in /opt/conda/lib/python3.10/site-packages (from torch>=2.0->rotary-embedding-torch) (3.1.6)
#14 2.086 Requirement already satisfied: fsspec in /opt/conda/lib/python3.10/site-packages (from torch>=2.0->rotary-embedding-torch) (2023.12.2)
#14 2.087 Requirement already satisfied: nvidia-cuda-nvrtc-cu12==12.6.77 in /opt/conda/lib/python3.10/site-packages (from torch>=2.0->rotary-embedding-torch) (12.6.77)
#14 2.089 Requirement already satisfied: nvidia-cuda-runtime-cu12==12.6.77 in /opt/conda/lib/python3.10/site-packages (from torch>=2.0->rotary-embedding-torch) (12.6.77)
#14 2.090 Requirement already satisfied: nvidia-cuda-cupti-cu12==12.6.80 in /opt/conda/lib/python3.10/site-packages (from torch>=2.0->rotary-embedding-torch) (12.6.80)
#14 2.091 Requirement already satisfied: nvidia-cudnn-cu12==9.5.1.17 in /opt/conda/lib/python3.10/site-packages (from torch>=2.0->rotary-embedding-torch) (9.5.1.17)
#14 2.093 Requirement already satisfied: nvidia-cublas-cu12==12.6.4.1 in /opt/conda/lib/python3.10/site-packages (from torch>=2.0->rotary-embedding-torch) (12.6.4.1)
#14 2.094 Requirement already satisfied: nvidia-cufft-cu12==11.3.0.4 in /opt/conda/lib/python3.10/site-packages (from torch>=2.0->rotary-embedding-torch) (11.3.0.4)
#14 2.095 Requirement already satisfied: nvidia-curand-cu12==10.3.7.77 in /opt/conda/lib/python3.10/site-packages (from torch>=2.0->rotary-embedding-torch) (10.3.7.77)
#14 2.097 Requirement already satisfied: nvidia-cusolver-cu12==11.7.1.2 in /opt/conda/lib/python3.10/site-packages (from torch>=2.0->rotary-embedding-torch) (11.7.1.2)
#14 2.098 Requirement already satisfied: nvidia-cusparse-cu12==12.5.4.2 in /opt/conda/lib/python3.10/site-packages (from torch>=2.0->rotary-embedding-torch) (12.5.4.2)
#14 2.099 Requirement already satisfied: nvidia-cusparselt-cu12==0.6.3 in /opt/conda/lib/python3.10/site-packages (from torch>=2.0->rotary-embedding-torch) (0.6.3)
#14 2.100 Requirement already satisfied: nvidia-nccl-cu12==2.26.2 in /opt/conda/lib/python3.10/site-packages (from torch>=2.0->rotary-embedding-torch) (2.26.2)
#14 2.102 Requirement already satisfied: nvidia-nvtx-cu12==12.6.77 in /opt/conda/lib/python3.10/site-packages (from torch>=2.0->rotary-embedding-torch) (12.6.77)
#14 2.103 Requirement already satisfied: nvidia-nvjitlink-cu12==12.6.85 in /opt/conda/lib/python3.10/site-packages (from torch>=2.0->rotary-embedding-torch) (12.6.85)
#14 2.104 Requirement already satisfied: nvidia-cufile-cu12==1.11.1.6 in /opt/conda/lib/python3.10/site-packages (from torch>=2.0->rotary-embedding-torch) (1.11.1.6)
#14 2.106 Requirement already satisfied: triton==3.3.1 in /opt/conda/lib/python3.10/site-packages (from torch>=2.0->rotary-embedding-torch) (3.3.1)
#14 2.127 Requirement already satisfied: setuptools>=40.8.0 in /opt/conda/lib/python3.10/site-packages (from triton==3.3.1->torch>=2.0->rotary-embedding-torch) (68.2.2)
#14 2.134 Requirement already satisfied: mpmath<1.4,>=1.1.0 in /opt/conda/lib/python3.10/site-packages (from sympy>=1.13.3->torch>=2.0->rotary-embedding-torch) (1.3.0)
#14 2.173 Requirement already satisfied: MarkupSafe>=2.0 in /opt/conda/lib/python3.10/site-packages (from jinja2->torch>=2.0->rotary-embedding-torch) (2.1.1)
#14 3.215 WARNING: Running pip as the 'root' user can result in broken permissions and conflicting behaviour with the system package manager. It is recommended to use a virtual environment instead: https://pip.pypa.io/warnings/venv
#14 3.451 ✅ MultiTalk V78 setup complete!
#14 3.451 📁 Official implementation installed at: /app/multitalk_official
#14 3.451    - generate_multitalk.py (official script, kokoro removed)
#14 3.451    - wan/ (core implementation)
#14 3.451    - NO kokoro module (following Replicate approach)
#14 3.451 
#14 3.451 🎉 Ready to use MultiTalk without misaki dependency!
#14 DONE 3.5s

#15 [10/12] RUN if [ -f /app/multitalk_official/wan/utils/multitalk_utils.py ]; then         sed -i 's/from xfuser.core.distributed import/# from xfuser.core.distributed import/g' /app/multitalk_official/wan/utils/multitalk_utils.py || true;     fi
#15 DONE 0.4s

#16 [11/12] RUN mkdir -p /tmp/.cache &&     mkdir -p /root/.cache &&     mkdir -p /app/.cache &&     chmod -R 777 /tmp/.cache /root/.cache /app/.cache
#16 DONE 0.2s

#17 [12/12] RUN python -c "import runpod; print('✅ RunPod imports')" &&     python -c "import scipy.stats; print('✅ SciPy imports')" &&     python -c "import torch; print('✅ PyTorch imports')" &&     python -c "import transformers; print('✅ Transformers imports')" &&     python -c "import diffusers; print('✅ Diffusers imports')" &&     python -c "import cv2; print('✅ OpenCV imports')" &&     python -c "try: import xfuser; print('✅ xfuser imports'); except: print('⚠️ xfuser not available')" &&     python -c "import moviepy; print('✅ MoviePy imports')" &&     echo "✅ All critical imports successful!"
#17 2.403 ✅ RunPod imports
#17 3.123 ✅ SciPy imports
#17 5.455 ✅ PyTorch imports
#17 8.107 ✅ Transformers imports
#17 10.80 ✅ Diffusers imports
#17 11.38 ✅ OpenCV imports
#17 11.49   File "<string>", line 1
#17 11.49     try: import xfuser; print('✅ xfuser imports'); except: print('⚠️ xfuser not available')
#17 11.49                                                    ^^^^^^
#17 11.49 SyntaxError: invalid syntax
#17 ERROR: process "/bin/sh -c python -c \"import runpod; print('✅ RunPod imports')\" &&     python -c \"import scipy.stats; print('✅ SciPy imports')\" &&     python -c \"import torch; print('✅ PyTorch imports')\" &&     python -c \"import transformers; print('✅ Transformers imports')\" &&     python -c \"import diffusers; print('✅ Diffusers imports')\" &&     python -c \"import cv2; print('✅ OpenCV imports')\" &&     python -c \"try: import xfuser; print('✅ xfuser imports'); except: print('⚠️ xfuser not available')\" &&     python -c \"import moviepy; print('✅ MoviePy imports')\" &&     echo \"✅ All critical imports successful!\"" did not complete successfully: exit code: 1
------
 > [12/12] RUN python -c "import runpod; print('✅ RunPod imports')" &&     python -c "import scipy.stats; print('✅ SciPy imports')" &&     python -c "import torch; print('✅ PyTorch imports')" &&     python -c "import transformers; print('✅ Transformers imports')" &&     python -c "import diffusers; print('✅ Diffusers imports')" &&     python -c "import cv2; print('✅ OpenCV imports')" &&     python -c "try: import xfuser; print('✅ xfuser imports'); except: print('⚠️ xfuser not available')" &&     python -c "import moviepy; print('✅ MoviePy imports')" &&     echo "✅ All critical imports successful!":
2.403 ✅ RunPod imports
3.123 ✅ SciPy imports
5.455 ✅ PyTorch imports
8.107 ✅ Transformers imports
10.80 ✅ Diffusers imports
11.38 ✅ OpenCV imports
11.49   File "<string>", line 1
11.49     try: import xfuser; print('✅ xfuser imports'); except: print('⚠️ xfuser not available')
11.49                                                    ^^^^^^
11.49 SyntaxError: invalid syntax
------

 [33m1 warning found (use docker --debug to expand):
[0m - InvalidBaseImagePlatform: Base image pytorch/pytorch:2.1.2-cuda12.1-cudnn8-devel was pulled with platform "linux/amd64", expected "linux/arm64" for current build (line 3)
Dockerfile.v79.3:93
--------------------
  92 |     # Validation (single layer, skip xfuser if it fails)
  93 | >>> RUN python -c "import runpod; print('✅ RunPod imports')" && \
  94 | >>>     python -c "import scipy.stats; print('✅ SciPy imports')" && \
  95 | >>>     python -c "import torch; print('✅ PyTorch imports')" && \
  96 | >>>     python -c "import transformers; print('✅ Transformers imports')" && \
  97 | >>>     python -c "import diffusers; print('✅ Diffusers imports')" && \
  98 | >>>     python -c "import cv2; print('✅ OpenCV imports')" && \
  99 | >>>     python -c "try: import xfuser; print('✅ xfuser imports'); except: print('⚠️ xfuser not available')" && \
 100 | >>>     python -c "import moviepy; print('✅ MoviePy imports')" && \
 101 | >>>     echo "✅ All critical imports successful!"
 102 |     
--------------------
ERROR: failed to solve: process "/bin/sh -c python -c \"import runpod; print('✅ RunPod imports')\" &&     python -c \"import scipy.stats; print('✅ SciPy imports')\" &&     python -c \"import torch; print('✅ PyTorch imports')\" &&     python -c \"import transformers; print('✅ Transformers imports')\" &&     python -c \"import diffusers; print('✅ Diffusers imports')\" &&     python -c \"import cv2; print('✅ OpenCV imports')\" &&     python -c \"try: import xfuser; print('✅ xfuser imports'); except: print('⚠️ xfuser not available')\" &&     python -c \"import moviepy; print('✅ MoviePy imports')\" &&     echo \"✅ All critical imports successful!\"" did not complete successfully: exit code: 1

View build details: docker-desktop://dashboard/build/desktop-linux/desktop-linux/zjjfb7opm3ajlo5nbh8r3h78j
