#0 building with "desktop-linux" instance using docker driver

#1 [internal] load build definition from Dockerfile.v79.1
#1 transferring dockerfile: 2.20kB 0.0s done
#1 DONE 0.0s

#2 [internal] load metadata for docker.io/pytorch/pytorch:2.1.2-cuda12.1-cudnn8-devel
#2 ...

#3 [auth] pytorch/pytorch:pull token for registry-1.docker.io
#3 DONE 0.0s

#2 [internal] load metadata for docker.io/pytorch/pytorch:2.1.2-cuda12.1-cudnn8-devel
#2 DONE 0.8s

#4 [internal] load .dockerignore
#4 transferring context: 2B done
#4 DONE 0.0s

#5 [1/9] FROM docker.io/pytorch/pytorch:2.1.2-cuda12.1-cudnn8-devel@sha256:a5de097b482f5927baf2322f4419f11044bfe4f08c7b7593dbaff8e41d03a204
#5 DONE 0.0s

#6 [internal] load build context
#6 transferring context: 248B done
#6 DONE 0.0s

#7 [4/9] COPY multitalk_v75_0_json_input.py .
#7 CACHED

#8 [5/9] COPY handler_v75.py handler.py
#8 CACHED

#9 [2/9] RUN apt-get update && apt-get install -y     git     ffmpeg     gcc     g++     build-essential     && rm -rf /var/lib/apt/lists/*
#9 CACHED

#10 [3/9] WORKDIR /app
#10 CACHED

#11 [6/9] COPY setup_official_multitalk_v78.sh .
#11 CACHED

#12 [7/9] RUN pip install --no-cache-dir     runpod==1.7.3     numpy==1.24.3     scipy==1.10.1     transformers==4.43.3     tokenizers==0.19.1     librosa==0.10.2     soundfile==0.12.1     diffusers     accelerate     safetensors     opencv-python     imageio     huggingface-hub==0.23.5     einops     rotary-embedding-torch     tensorboardX     omegaconf     easydict     ftfy     xformers
#12 0.909 Collecting runpod==1.7.3
#12 1.052   Downloading runpod-1.7.3-py3-none-any.whl.metadata (7.9 kB)
#12 1.259 Collecting numpy==1.24.3
#12 1.270   Downloading numpy-1.24.3-cp310-cp310-manylinux_2_17_x86_64.manylinux2014_x86_64.whl.metadata (5.6 kB)
#12 1.463 Collecting scipy==1.10.1
#12 1.471   Downloading scipy-1.10.1-cp310-cp310-manylinux_2_17_x86_64.manylinux2014_x86_64.whl.metadata (58 kB)
#12 1.482      ━━━━━━━━━━━━━━━━━━━━━━━━━━━━━━━━━━━━━━━━ 58.9/58.9 kB 9.6 MB/s eta 0:00:00
#12 1.612 Collecting transformers==4.43.3
#12 1.620   Downloading transformers-4.43.3-py3-none-any.whl.metadata (43 kB)
#12 1.623      ━━━━━━━━━━━━━━━━━━━━━━━━━━━━━━━━━━━━━━━ 43.7/43.7 kB 210.5 MB/s eta 0:00:00
#12 1.809 Collecting tokenizers==0.19.1
#12 1.818   Downloading tokenizers-0.19.1-cp310-cp310-manylinux_2_17_x86_64.manylinux2014_x86_64.whl.metadata (6.7 kB)
#12 1.915 Collecting librosa==0.10.2
#12 1.924   Downloading librosa-0.10.2-py3-none-any.whl.metadata (8.6 kB)
#12 2.020 Collecting soundfile==0.12.1
#12 2.026   Downloading soundfile-0.12.1-py2.py3-none-manylinux_2_31_x86_64.whl.metadata (14 kB)
#12 2.141 Collecting diffusers
#12 2.152   Downloading diffusers-0.34.0-py3-none-any.whl.metadata (20 kB)
#12 2.189 Collecting accelerate
#12 2.196   Downloading accelerate-1.8.1-py3-none-any.whl.metadata (19 kB)
#12 2.342 Collecting safetensors
#12 2.351   Downloading safetensors-0.5.3-cp38-abi3-manylinux_2_17_x86_64.manylinux2014_x86_64.whl.metadata (3.8 kB)
#12 2.503 Collecting opencv-python
#12 2.510   Downloading opencv_python-4.12.0.88-cp37-abi3-manylinux2014_x86_64.manylinux_2_17_x86_64.whl.metadata (19 kB)
#12 2.544 Collecting imageio
#12 2.550   Downloading imageio-2.37.0-py3-none-any.whl.metadata (5.2 kB)
#12 2.621 Collecting huggingface-hub==0.23.5
#12 2.631   Downloading huggingface_hub-0.23.5-py3-none-any.whl.metadata (12 kB)
#12 2.647 Collecting einops
#12 2.654   Downloading einops-0.8.1-py3-none-any.whl.metadata (13 kB)
#12 2.750 Collecting rotary-embedding-torch
#12 2.757   Downloading rotary_embedding_torch-0.8.8-py3-none-any.whl.metadata (883 bytes)
#12 2.851 Collecting tensorboardX
#12 2.858   Downloading tensorboardx-2.6.4-py3-none-any.whl.metadata (6.2 kB)
#12 2.898 Collecting omegaconf
#12 2.904   Downloading omegaconf-2.3.0-py3-none-any.whl.metadata (3.9 kB)
#12 2.916 Collecting easydict
#12 2.925   Downloading easydict-1.13-py3-none-any.whl.metadata (4.2 kB)
#12 2.945 Collecting ftfy
#12 2.952   Downloading ftfy-6.3.1-py3-none-any.whl.metadata (7.3 kB)
#12 2.983 Collecting xformers
#12 2.990   Downloading xformers-0.0.31.post1-cp39-abi3-manylinux_2_28_x86_64.whl.metadata (1.1 kB)
#12 3.533 Collecting aiohttp>=3.9.3 (from aiohttp[speedups]>=3.9.3->runpod==1.7.3)
#12 3.543   Downloading aiohttp-3.12.14-cp310-cp310-manylinux_2_17_x86_64.manylinux2014_x86_64.whl.metadata (7.6 kB)
#12 3.562 Collecting aiohttp-retry>=2.8.3 (from runpod==1.7.3)
#12 3.571   Downloading aiohttp_retry-2.9.1-py3-none-any.whl.metadata (8.8 kB)
#12 3.591 Collecting backoff>=2.2.1 (from runpod==1.7.3)
#12 3.597   Downloading backoff-2.2.1-py3-none-any.whl.metadata (14 kB)
#12 4.029 Collecting boto3>=1.26.165 (from runpod==1.7.3)
#12 4.037   Downloading boto3-1.39.4-py3-none-any.whl.metadata (6.6 kB)
#12 4.038 Requirement already satisfied: click>=8.1.7 in /opt/conda/lib/python3.10/site-packages (from runpod==1.7.3) (8.1.7)
#12 4.061 Collecting colorama<0.4.7,>=0.2.5 (from runpod==1.7.3)
#12 4.069   Downloading colorama-0.4.6-py2.py3-none-any.whl.metadata (17 kB)
#12 4.070 Requirement already satisfied: cryptography<44.0.0 in /opt/conda/lib/python3.10/site-packages (from runpod==1.7.3) (41.0.7)
#12 4.135 Collecting fastapi>=0.94.0 (from fastapi[all]>=0.94.0->runpod==1.7.3)
#12 4.141   Downloading fastapi-0.116.1-py3-none-any.whl.metadata (28 kB)
#12 4.173 Collecting paramiko>=3.3.1 (from runpod==1.7.3)
#12 4.181   Downloading paramiko-3.5.1-py3-none-any.whl.metadata (4.6 kB)
#12 4.203 Collecting prettytable>=3.9.0 (from runpod==1.7.3)
#12 4.211   Downloading prettytable-3.16.0-py3-none-any.whl.metadata (33 kB)
#12 4.227 Collecting py-cpuinfo>=9.0.0 (from runpod==1.7.3)
#12 4.233   Downloading py_cpuinfo-9.0.0-py3-none-any.whl.metadata (794 bytes)
#12 4.326 Collecting inquirerpy==0.3.4 (from runpod==1.7.3)
#12 4.334   Downloading InquirerPy-0.3.4-py3-none-any.whl.metadata (8.1 kB)
#12 4.336 Requirement already satisfied: requests>=2.31.0 in /opt/conda/lib/python3.10/site-packages (from runpod==1.7.3) (2.31.0)
#12 4.336 Requirement already satisfied: tomli>=2.0.1 in /opt/conda/lib/python3.10/site-packages (from runpod==1.7.3) (2.0.1)
#12 4.365 Collecting tomlkit>=0.12.2 (from runpod==1.7.3)
#12 4.371   Downloading tomlkit-0.13.3-py3-none-any.whl.metadata (2.8 kB)
#12 4.462 Collecting tqdm-loggable>=0.1.4 (from runpod==1.7.3)
#12 4.470   Downloading tqdm_loggable-0.2-py3-none-any.whl.metadata (9.3 kB)
#12 4.472 Requirement already satisfied: urllib3>=1.26.6 in /opt/conda/lib/python3.10/site-packages (from runpod==1.7.3) (1.26.18)
#12 4.522 Collecting watchdog>=3.0.0 (from runpod==1.7.3)
#12 4.530   Downloading watchdog-6.0.0-py3-none-manylinux2014_x86_64.whl.metadata (44 kB)
#12 4.532      ━━━━━━━━━━━━━━━━━━━━━━━━━━━━━━━━━━━━━━━ 44.3/44.3 kB 262.9 MB/s eta 0:00:00
#12 4.811 Requirement already satisfied: filelock in /opt/conda/lib/python3.10/site-packages (from transformers==4.43.3) (3.13.1)
#12 4.828 Requirement already satisfied: packaging>=20.0 in /opt/conda/lib/python3.10/site-packages (from transformers==4.43.3) (23.1)
#12 4.829 Requirement already satisfied: pyyaml>=5.1 in /opt/conda/lib/python3.10/site-packages (from transformers==4.43.3) (6.0.1)
#12 5.194 Collecting regex!=2019.12.17 (from transformers==4.43.3)
#12 5.203   Downloading regex-2024.11.6-cp310-cp310-manylinux_2_17_x86_64.manylinux2014_x86_64.whl.metadata (40 kB)
#12 5.205      ━━━━━━━━━━━━━━━━━━━━━━━━━━━━━━━━━━━━━━━ 40.5/40.5 kB 144.1 MB/s eta 0:00:00
#12 5.213 Requirement already satisfied: tqdm>=4.27 in /opt/conda/lib/python3.10/site-packages (from transformers==4.43.3) (4.65.0)
#12 5.339 Collecting audioread>=2.1.9 (from librosa==0.10.2)
#12 5.347   Downloading audioread-3.0.1-py3-none-any.whl.metadata (8.4 kB)
#12 5.523 Collecting scikit-learn>=0.20.0 (from librosa==0.10.2)
#12 5.530   Downloading scikit_learn-1.7.0-cp310-cp310-manylinux_2_17_x86_64.manylinux2014_x86_64.whl.metadata (17 kB)
#12 5.559 Collecting joblib>=0.14 (from librosa==0.10.2)
#12 5.568   Downloading joblib-1.5.1-py3-none-any.whl.metadata (5.6 kB)
#12 5.569 Requirement already satisfied: decorator>=4.3.0 in /opt/conda/lib/python3.10/site-packages (from librosa==0.10.2) (5.1.1)
#12 5.736 Collecting numba>=0.51.0 (from librosa==0.10.2)
#12 5.743   Downloading numba-0.61.2-cp310-cp310-manylinux2014_x86_64.manylinux_2_17_x86_64.whl.metadata (2.8 kB)
#12 5.846 Collecting pooch>=1.1 (from librosa==0.10.2)
#12 5.854   Downloading pooch-1.8.2-py3-none-any.whl.metadata (10 kB)
#12 5.995 Collecting soxr>=0.3.2 (from librosa==0.10.2)
#12 6.004   Downloading soxr-0.5.0.post1-cp310-cp310-manylinux_2_17_x86_64.manylinux2014_x86_64.whl.metadata (5.6 kB)
#12 6.005 Requirement already satisfied: typing-extensions>=4.1.1 in /opt/conda/lib/python3.10/site-packages (from librosa==0.10.2) (4.7.1)
#12 6.020 Collecting lazy-loader>=0.1 (from librosa==0.10.2)
#12 6.026   Downloading lazy_loader-0.4-py3-none-any.whl.metadata (7.6 kB)
#12 6.093 Collecting msgpack>=1.0 (from librosa==0.10.2)
#12 6.101   Downloading msgpack-1.1.1-cp310-cp310-manylinux_2_17_x86_64.manylinux2014_x86_64.whl.metadata (8.4 kB)
#12 6.106 Requirement already satisfied: cffi>=1.0 in /opt/conda/lib/python3.10/site-packages (from soundfile==0.12.1) (1.16.0)
#12 6.161 Requirement already satisfied: fsspec>=2023.5.0 in /opt/conda/lib/python3.10/site-packages (from huggingface-hub==0.23.5) (2023.12.2)
#12 6.260 Collecting pfzy<0.4.0,>=0.3.1 (from inquirerpy==0.3.4->runpod==1.7.3)
#12 6.268   Downloading pfzy-0.3.4-py3-none-any.whl.metadata (4.9 kB)
#12 6.270 Requirement already satisfied: prompt-toolkit<4.0.0,>=3.0.1 in /opt/conda/lib/python3.10/site-packages (from inquirerpy==0.3.4->runpod==1.7.3) (3.0.36)
#12 6.364 Collecting importlib_metadata (from diffusers)
#12 6.373   Downloading importlib_metadata-8.7.0-py3-none-any.whl.metadata (4.8 kB)
#12 6.385 INFO: pip is looking at multiple versions of diffusers to determine which version is compatible with other requirements. This could take a while.
#12 6.389 Collecting diffusers
#12 6.397   Downloading diffusers-0.33.1-py3-none-any.whl.metadata (19 kB)
#12 6.452   Downloading diffusers-0.33.0-py3-none-any.whl.metadata (20 kB)
#12 6.513   Downloading diffusers-0.32.2-py3-none-any.whl.metadata (18 kB)
#12 6.552 Requirement already satisfied: Pillow in /opt/conda/lib/python3.10/site-packages (from diffusers) (10.0.1)
#12 6.657 Requirement already satisfied: psutil in /opt/conda/lib/python3.10/site-packages (from accelerate) (5.9.0)
#12 6.658 Requirement already satisfied: torch>=2.0.0 in /opt/conda/lib/python3.10/site-packages (from accelerate) (2.1.2)
#12 6.711 INFO: pip is looking at multiple versions of opencv-python to determine which version is compatible with other requirements. This could take a while.
#12 6.716 Collecting opencv-python
#12 6.724   Downloading opencv_python-4.11.0.86-cp37-abi3-manylinux_2_17_x86_64.manylinux2014_x86_64.whl.metadata (20 kB)
#12 6.996 Collecting protobuf>=3.20 (from tensorboardX)
#12 7.002   Downloading protobuf-6.31.1-cp39-abi3-manylinux2014_x86_64.whl.metadata (593 bytes)
#12 7.021 Collecting antlr4-python3-runtime==4.9.* (from omegaconf)
#12 7.030   Downloading antlr4-python3-runtime-4.9.3.tar.gz (117 kB)
#12 7.035      ━━━━━━━━━━━━━━━━━━━━━━━━━━━━━━━━━━━━━━ 117.0/117.0 kB 32.0 MB/s eta 0:00:00
#12 7.053   Preparing metadata (setup.py): started
#12 7.317   Preparing metadata (setup.py): finished with status 'done'
#12 7.330 Requirement already satisfied: wcwidth in /opt/conda/lib/python3.10/site-packages (from ftfy) (0.2.5)
#12 7.473 Collecting torch>=2.0.0 (from accelerate)
#12 7.480   Downloading torch-2.7.1-cp310-cp310-manylinux_2_28_x86_64.whl.metadata (29 kB)
#12 7.534 Collecting typing-extensions>=4.1.1 (from librosa==0.10.2)
#12 7.543   Downloading typing_extensions-4.14.1-py3-none-any.whl.metadata (3.0 kB)
#12 7.567 Collecting sympy>=1.13.3 (from torch>=2.0.0->accelerate)
#12 7.575   Downloading sympy-1.14.0-py3-none-any.whl.metadata (12 kB)
#12 7.576 Requirement already satisfied: networkx in /opt/conda/lib/python3.10/site-packages (from torch>=2.0.0->accelerate) (3.1)
#12 7.576 Requirement already satisfied: jinja2 in /opt/conda/lib/python3.10/site-packages (from torch>=2.0.0->accelerate) (3.1.2)
#12 7.594 Collecting nvidia-cuda-nvrtc-cu12==12.6.77 (from torch>=2.0.0->accelerate)
#12 7.600   Downloading nvidia_cuda_nvrtc_cu12-12.6.77-py3-none-manylinux2014_x86_64.whl.metadata (1.5 kB)
#12 7.618 Collecting nvidia-cuda-runtime-cu12==12.6.77 (from torch>=2.0.0->accelerate)
#12 7.623   Downloading nvidia_cuda_runtime_cu12-12.6.77-py3-none-manylinux2014_x86_64.manylinux_2_17_x86_64.whl.metadata (1.5 kB)
#12 7.641 Collecting nvidia-cuda-cupti-cu12==12.6.80 (from torch>=2.0.0->accelerate)
#12 7.648   Downloading nvidia_cuda_cupti_cu12-12.6.80-py3-none-manylinux2014_x86_64.manylinux_2_17_x86_64.whl.metadata (1.6 kB)
#12 7.668 Collecting nvidia-cudnn-cu12==9.5.1.17 (from torch>=2.0.0->accelerate)
#12 7.674   Downloading nvidia_cudnn_cu12-9.5.1.17-py3-none-manylinux_2_28_x86_64.whl.metadata (1.6 kB)
#12 7.693 Collecting nvidia-cublas-cu12==12.6.4.1 (from torch>=2.0.0->accelerate)
#12 7.698   Downloading nvidia_cublas_cu12-12.6.4.1-py3-none-manylinux2014_x86_64.manylinux_2_17_x86_64.whl.metadata (1.5 kB)
#12 7.718 Collecting nvidia-cufft-cu12==11.3.0.4 (from torch>=2.0.0->accelerate)
#12 7.724   Downloading nvidia_cufft_cu12-11.3.0.4-py3-none-manylinux2014_x86_64.manylinux_2_17_x86_64.whl.metadata (1.5 kB)
#12 7.742 Collecting nvidia-curand-cu12==10.3.7.77 (from torch>=2.0.0->accelerate)
#12 7.747   Downloading nvidia_curand_cu12-10.3.7.77-py3-none-manylinux2014_x86_64.manylinux_2_17_x86_64.whl.metadata (1.5 kB)
#12 7.766 Collecting nvidia-cusolver-cu12==11.7.1.2 (from torch>=2.0.0->accelerate)
#12 7.772   Downloading nvidia_cusolver_cu12-11.7.1.2-py3-none-manylinux2014_x86_64.manylinux_2_17_x86_64.whl.metadata (1.6 kB)
#12 7.789 Collecting nvidia-cusparse-cu12==12.5.4.2 (from torch>=2.0.0->accelerate)
#12 7.795   Downloading nvidia_cusparse_cu12-12.5.4.2-py3-none-manylinux2014_x86_64.manylinux_2_17_x86_64.whl.metadata (1.6 kB)
#12 7.809 Collecting nvidia-cusparselt-cu12==0.6.3 (from torch>=2.0.0->accelerate)
#12 7.815   Downloading nvidia_cusparselt_cu12-0.6.3-py3-none-manylinux2014_x86_64.whl.metadata (6.8 kB)
#12 7.832 Collecting nvidia-nccl-cu12==2.26.2 (from torch>=2.0.0->accelerate)
#12 7.837   Downloading nvidia_nccl_cu12-2.26.2-py3-none-manylinux2014_x86_64.manylinux_2_17_x86_64.whl.metadata (2.0 kB)
#12 7.855 Collecting nvidia-nvtx-cu12==12.6.77 (from torch>=2.0.0->accelerate)
#12 7.864   Downloading nvidia_nvtx_cu12-12.6.77-py3-none-manylinux2014_x86_64.manylinux_2_17_x86_64.whl.metadata (1.6 kB)
#12 7.882 Collecting nvidia-nvjitlink-cu12==12.6.85 (from torch>=2.0.0->accelerate)
#12 7.888   Downloading nvidia_nvjitlink_cu12-12.6.85-py3-none-manylinux2010_x86_64.manylinux_2_12_x86_64.whl.metadata (1.5 kB)
#12 7.901 Collecting nvidia-cufile-cu12==1.11.1.6 (from torch>=2.0.0->accelerate)
#12 7.908   Downloading nvidia_cufile_cu12-1.11.1.6-py3-none-manylinux2014_x86_64.manylinux_2_17_x86_64.whl.metadata (1.5 kB)
#12 7.927 Collecting triton==3.3.1 (from torch>=2.0.0->accelerate)
#12 7.937   Downloading triton-3.3.1-cp310-cp310-manylinux_2_27_x86_64.manylinux_2_28_x86_64.whl.metadata (1.5 kB)
#12 8.014 Requirement already satisfied: setuptools>=40.8.0 in /opt/conda/lib/python3.10/site-packages (from triton==3.3.1->torch>=2.0.0->accelerate) (68.2.2)
#12 8.050 Collecting aiohappyeyeballs>=2.5.0 (from aiohttp>=3.9.3->aiohttp[speedups]>=3.9.3->runpod==1.7.3)
#12 8.056   Downloading aiohappyeyeballs-2.6.1-py3-none-any.whl.metadata (5.9 kB)
#12 8.071 Collecting aiosignal>=1.4.0 (from aiohttp>=3.9.3->aiohttp[speedups]>=3.9.3->runpod==1.7.3)
#12 8.078   Downloading aiosignal-1.4.0-py3-none-any.whl.metadata (3.7 kB)
#12 8.099 Collecting async-timeout<6.0,>=4.0 (from aiohttp>=3.9.3->aiohttp[speedups]>=3.9.3->runpod==1.7.3)
#12 8.106   Downloading async_timeout-5.0.1-py3-none-any.whl.metadata (5.1 kB)
#12 8.107 Requirement already satisfied: attrs>=17.3.0 in /opt/conda/lib/python3.10/site-packages (from aiohttp>=3.9.3->aiohttp[speedups]>=3.9.3->runpod==1.7.3) (23.1.0)
#12 8.175 Collecting frozenlist>=1.1.1 (from aiohttp>=3.9.3->aiohttp[speedups]>=3.9.3->runpod==1.7.3)
#12 8.183   Downloading frozenlist-1.7.0-cp310-cp310-manylinux_2_5_x86_64.manylinux1_x86_64.manylinux_2_17_x86_64.manylinux2014_x86_64.whl.metadata (18 kB)
#12 8.419 Collecting multidict<7.0,>=4.5 (from aiohttp>=3.9.3->aiohttp[speedups]>=3.9.3->runpod==1.7.3)
#12 8.428   Downloading multidict-6.6.3-cp310-cp310-manylinux2014_x86_64.manylinux_2_17_x86_64.manylinux_2_28_x86_64.whl.metadata (5.3 kB)
#12 8.476 Collecting propcache>=0.2.0 (from aiohttp>=3.9.3->aiohttp[speedups]>=3.9.3->runpod==1.7.3)
#12 8.484   Downloading propcache-0.3.2-cp310-cp310-manylinux_2_17_x86_64.manylinux2014_x86_64.whl.metadata (12 kB)
#12 8.829 Collecting yarl<2.0,>=1.17.0 (from aiohttp>=3.9.3->aiohttp[speedups]>=3.9.3->runpod==1.7.3)
#12 8.838   Downloading yarl-1.20.1-cp310-cp310-manylinux_2_17_x86_64.manylinux2014_x86_64.whl.metadata (73 kB)
#12 8.840      ━━━━━━━━━━━━━━━━━━━━━━━━━━━━━━━━━━━━━━━ 73.9/73.9 kB 299.9 MB/s eta 0:00:00
#12 8.872 Collecting aiodns>=3.3.0 (from aiohttp[speedups]>=3.9.3->runpod==1.7.3)
#12 8.878   Downloading aiodns-3.5.0-py3-none-any.whl.metadata (5.8 kB)
#12 8.880 Requirement already satisfied: Brotli in /opt/conda/lib/python3.10/site-packages (from aiohttp[speedups]>=3.9.3->runpod==1.7.3) (1.0.9)
#12 9.332 Collecting botocore<1.40.0,>=1.39.4 (from boto3>=1.26.165->runpod==1.7.3)
#12 9.340   Downloading botocore-1.39.4-py3-none-any.whl.metadata (5.7 kB)
#12 9.357 Collecting jmespath<2.0.0,>=0.7.1 (from boto3>=1.26.165->runpod==1.7.3)
#12 9.364   Downloading jmespath-1.0.1-py3-none-any.whl.metadata (7.6 kB)
#12 9.387 Collecting s3transfer<0.14.0,>=0.13.0 (from boto3>=1.26.165->runpod==1.7.3)
#12 9.392   Downloading s3transfer-0.13.0-py3-none-any.whl.metadata (1.7 kB)
#12 9.399 Requirement already satisfied: pycparser in /opt/conda/lib/python3.10/site-packages (from cffi>=1.0->soundfile==0.12.1) (2.21)
#12 9.491 Collecting starlette<0.48.0,>=0.40.0 (from fastapi>=0.94.0->fastapi[all]>=0.94.0->runpod==1.7.3)
#12 9.497   Downloading starlette-0.47.1-py3-none-any.whl.metadata (6.2 kB)
#12 9.653 Collecting pydantic!=1.8,!=1.8.1,!=2.0.0,!=2.0.1,!=2.1.0,<3.0.0,>=1.7.4 (from fastapi>=0.94.0->fastapi[all]>=0.94.0->runpod==1.7.3)
#12 9.661   Downloading pydantic-2.11.7-py3-none-any.whl.metadata (67 kB)
#12 9.663      ━━━━━━━━━━━━━━━━━━━━━━━━━━━━━━━━━━━━━━━ 68.0/68.0 kB 323.2 MB/s eta 0:00:00
#12 9.696 Collecting fastapi-cli>=0.0.8 (from fastapi-cli[standard]>=0.0.8; extra == "all"->fastapi[all]>=0.94.0->runpod==1.7.3)
#12 9.704   Downloading fastapi_cli-0.0.8-py3-none-any.whl.metadata (6.3 kB)
#12 9.733 Collecting httpx>=0.23.0 (from fastapi[all]>=0.94.0->runpod==1.7.3)
#12 9.739   Downloading httpx-0.28.1-py3-none-any.whl.metadata (7.1 kB)
#12 9.761 Collecting jinja2 (from torch>=2.0.0->accelerate)
#12 9.770   Downloading jinja2-3.1.6-py3-none-any.whl.metadata (2.9 kB)
#12 9.787 Collecting python-multipart>=0.0.18 (from fastapi[all]>=0.94.0->runpod==1.7.3)
#12 9.793   Downloading python_multipart-0.0.20-py3-none-any.whl.metadata (1.8 kB)
#12 9.808 Collecting itsdangerous>=1.1.0 (from fastapi[all]>=0.94.0->runpod==1.7.3)
#12 9.814   Downloading itsdangerous-2.2.0-py3-none-any.whl.metadata (1.9 kB)
#12 9.968 Collecting ujson!=4.0.2,!=4.1.0,!=4.2.0,!=4.3.0,!=5.0.0,!=5.1.0,>=4.0.1 (from fastapi[all]>=0.94.0->runpod==1.7.3)
#12 9.976   Downloading ujson-5.10.0-cp310-cp310-manylinux_2_17_x86_64.manylinux2014_x86_64.whl.metadata (9.3 kB)
#12 10.23 Collecting orjson>=3.2.1 (from fastapi[all]>=0.94.0->runpod==1.7.3)
#12 10.24   Downloading orjson-3.10.18-cp310-cp310-manylinux_2_17_x86_64.manylinux2014_x86_64.whl.metadata (41 kB)
#12 10.24      ━━━━━━━━━━━━━━━━━━━━━━━━━━━━━━━━━━━━━━━ 41.9/41.9 kB 293.5 MB/s eta 0:00:00
#12 10.26 Collecting email-validator>=2.0.0 (from fastapi[all]>=0.94.0->runpod==1.7.3)
#12 10.26   Downloading email_validator-2.2.0-py3-none-any.whl.metadata (25 kB)
#12 10.30 Collecting uvicorn>=0.12.0 (from uvicorn[standard]>=0.12.0; extra == "all"->fastapi[all]>=0.94.0->runpod==1.7.3)
#12 10.30   Downloading uvicorn-0.35.0-py3-none-any.whl.metadata (6.5 kB)
#12 10.33 Collecting pydantic-settings>=2.0.0 (from fastapi[all]>=0.94.0->runpod==1.7.3)
#12 10.33   Downloading pydantic_settings-2.10.1-py3-none-any.whl.metadata (3.4 kB)
#12 10.35 Collecting pydantic-extra-types>=2.0.0 (from fastapi[all]>=0.94.0->runpod==1.7.3)
#12 10.36   Downloading pydantic_extra_types-2.10.5-py3-none-any.whl.metadata (3.9 kB)
#12 10.56 Collecting llvmlite<0.45,>=0.44.0dev0 (from numba>=0.51.0->librosa==0.10.2)
#12 10.57   Downloading llvmlite-0.44.0-cp310-cp310-manylinux_2_17_x86_64.manylinux2014_x86_64.whl.metadata (4.8 kB)
#12 10.64 Collecting bcrypt>=3.2 (from paramiko>=3.3.1->runpod==1.7.3)
#12 10.65   Downloading bcrypt-4.3.0-cp39-abi3-manylinux_2_28_x86_64.whl.metadata (10 kB)
#12 10.67 Collecting pynacl>=1.5 (from paramiko>=3.3.1->runpod==1.7.3)
#12 10.68   Downloading PyNaCl-1.5.0-cp36-abi3-manylinux_2_17_x86_64.manylinux2014_x86_64.manylinux_2_24_x86_64.whl.metadata (8.6 kB)
#12 10.71 Requirement already satisfied: platformdirs>=2.5.0 in /opt/conda/lib/python3.10/site-packages (from pooch>=1.1->librosa==0.10.2) (3.10.0)
#12 10.75 Requirement already satisfied: charset-normalizer<4,>=2 in /opt/conda/lib/python3.10/site-packages (from requests>=2.31.0->runpod==1.7.3) (2.0.4)
#12 10.75 Requirement already satisfied: idna<4,>=2.5 in /opt/conda/lib/python3.10/site-packages (from requests>=2.31.0->runpod==1.7.3) (3.4)
#12 10.76 Requirement already satisfied: certifi>=2017.4.17 in /opt/conda/lib/python3.10/site-packages (from requests>=2.31.0->runpod==1.7.3) (2023.11.17)
#12 10.90 Collecting threadpoolctl>=3.1.0 (from scikit-learn>=0.20.0->librosa==0.10.2)
#12 10.91   Downloading threadpoolctl-3.6.0-py3-none-any.whl.metadata (13 kB)
#12 11.07 Collecting zipp>=3.20 (from importlib_metadata->diffusers)
#12 11.07   Downloading zipp-3.23.0-py3-none-any.whl.metadata (3.6 kB)
#12 11.17 Collecting pycares>=4.9.0 (from aiodns>=3.3.0->aiohttp[speedups]>=3.9.3->runpod==1.7.3)
#12 11.18   Downloading pycares-4.9.0-cp310-cp310-manylinux_2_17_x86_64.manylinux2014_x86_64.whl.metadata (4.3 kB)
#12 11.28 Collecting python-dateutil<3.0.0,>=2.1 (from botocore<1.40.0,>=1.39.4->boto3>=1.26.165->runpod==1.7.3)
#12 11.28   Downloading python_dateutil-2.9.0.post0-py2.py3-none-any.whl.metadata (8.4 kB)
#12 11.31 Requirement already satisfied: dnspython>=2.0.0 in /opt/conda/lib/python3.10/site-packages (from email-validator>=2.0.0->fastapi[all]>=0.94.0->runpod==1.7.3) (2.4.2)
#12 11.35 Collecting typer>=0.15.1 (from fastapi-cli>=0.0.8->fastapi-cli[standard]>=0.0.8; extra == "all"->fastapi[all]>=0.94.0->runpod==1.7.3)
#12 11.36   Downloading typer-0.16.0-py3-none-any.whl.metadata (15 kB)
#12 11.38 Collecting rich-toolkit>=0.14.8 (from fastapi-cli>=0.0.8->fastapi-cli[standard]>=0.0.8; extra == "all"->fastapi[all]>=0.94.0->runpod==1.7.3)
#12 11.39   Downloading rich_toolkit-0.14.8-py3-none-any.whl.metadata (999 bytes)
#12 11.42 Collecting fastapi-cloud-cli>=0.1.1 (from fastapi-cli[standard]>=0.0.8; extra == "all"->fastapi[all]>=0.94.0->runpod==1.7.3)
#12 11.42   Downloading fastapi_cloud_cli-0.1.4-py3-none-any.whl.metadata (3.2 kB)
#12 11.48 Collecting anyio (from httpx>=0.23.0->fastapi[all]>=0.94.0->runpod==1.7.3)
#12 11.48   Downloading anyio-4.9.0-py3-none-any.whl.metadata (4.7 kB)
#12 11.51 Collecting httpcore==1.* (from httpx>=0.23.0->fastapi[all]>=0.94.0->runpod==1.7.3)
#12 11.52   Downloading httpcore-1.0.9-py3-none-any.whl.metadata (21 kB)
#12 11.54 Collecting h11>=0.16 (from httpcore==1.*->httpx>=0.23.0->fastapi[all]>=0.94.0->runpod==1.7.3)
#12 11.55   Downloading h11-0.16.0-py3-none-any.whl.metadata (8.3 kB)
#12 11.58 Requirement already satisfied: MarkupSafe>=2.0 in /opt/conda/lib/python3.10/site-packages (from jinja2->torch>=2.0.0->accelerate) (2.1.1)
#12 11.71 Collecting annotated-types>=0.6.0 (from pydantic!=1.8,!=1.8.1,!=2.0.0,!=2.0.1,!=2.1.0,<3.0.0,>=1.7.4->fastapi>=0.94.0->fastapi[all]>=0.94.0->runpod==1.7.3)
#12 11.72   Downloading annotated_types-0.7.0-py3-none-any.whl.metadata (15 kB)
#12 12.45 Collecting pydantic-core==2.33.2 (from pydantic!=1.8,!=1.8.1,!=2.0.0,!=2.0.1,!=2.1.0,<3.0.0,>=1.7.4->fastapi>=0.94.0->fastapi[all]>=0.94.0->runpod==1.7.3)
#12 12.46   Downloading pydantic_core-2.33.2-cp310-cp310-manylinux_2_17_x86_64.manylinux2014_x86_64.whl.metadata (6.8 kB)
#12 12.48 Collecting typing-inspection>=0.4.0 (from pydantic!=1.8,!=1.8.1,!=2.0.0,!=2.0.1,!=2.1.0,<3.0.0,>=1.7.4->fastapi>=0.94.0->fastapi[all]>=0.94.0->runpod==1.7.3)
#12 12.48   Downloading typing_inspection-0.4.1-py3-none-any.whl.metadata (2.6 kB)
#12 12.63 Collecting python-dotenv>=0.21.0 (from pydantic-settings>=2.0.0->fastapi[all]>=0.94.0->runpod==1.7.3)
#12 12.63   Downloading python_dotenv-1.1.1-py3-none-any.whl.metadata (24 kB)
#12 12.81 Requirement already satisfied: mpmath<1.4,>=1.1.0 in /opt/conda/lib/python3.10/site-packages (from sympy>=1.13.3->torch>=2.0.0->accelerate) (1.3.0)
#12 12.91 Collecting httptools>=0.6.3 (from uvicorn[standard]>=0.12.0; extra == "all"->fastapi[all]>=0.94.0->runpod==1.7.3)
#12 12.92   Downloading httptools-0.6.4-cp310-cp310-manylinux_2_5_x86_64.manylinux1_x86_64.manylinux_2_17_x86_64.manylinux2014_x86_64.whl.metadata (3.6 kB)
#12 12.97 Collecting uvloop>=0.15.1 (from uvicorn[standard]>=0.12.0; extra == "all"->fastapi[all]>=0.94.0->runpod==1.7.3)
#12 12.98   Downloading uvloop-0.21.0-cp310-cp310-manylinux_2_17_x86_64.manylinux2014_x86_64.whl.metadata (4.9 kB)
#12 13.05 Collecting watchfiles>=0.13 (from uvicorn[standard]>=0.12.0; extra == "all"->fastapi[all]>=0.94.0->runpod==1.7.3)
#12 13.06   Downloading watchfiles-1.1.0-cp310-cp310-manylinux_2_17_x86_64.manylinux2014_x86_64.whl.metadata (4.9 kB)
#12 13.16 Collecting websockets>=10.4 (from uvicorn[standard]>=0.12.0; extra == "all"->fastapi[all]>=0.94.0->runpod==1.7.3)
#12 13.17   Downloading websockets-15.0.1-cp310-cp310-manylinux_2_5_x86_64.manylinux1_x86_64.manylinux_2_17_x86_64.manylinux2014_x86_64.whl.metadata (6.8 kB)
#12 13.30 Requirement already satisfied: exceptiongroup>=1.0.2 in /opt/conda/lib/python3.10/site-packages (from anyio->httpx>=0.23.0->fastapi[all]>=0.94.0->runpod==1.7.3) (1.0.4)
#12 13.32 Collecting sniffio>=1.1 (from anyio->httpx>=0.23.0->fastapi[all]>=0.94.0->runpod==1.7.3)
#12 13.32   Downloading sniffio-1.3.1-py3-none-any.whl.metadata (3.9 kB)
#12 13.43 Collecting rignore>=0.5.1 (from fastapi-cloud-cli>=0.1.1->fastapi-cli[standard]>=0.0.8; extra == "all"->fastapi[all]>=0.94.0->runpod==1.7.3)
#12 13.44   Downloading rignore-0.6.2-cp310-cp310-manylinux_2_17_x86_64.manylinux2014_x86_64.whl.metadata (3.8 kB)
#12 13.52 Collecting sentry-sdk>=2.20.0 (from fastapi-cloud-cli>=0.1.1->fastapi-cli[standard]>=0.0.8; extra == "all"->fastapi[all]>=0.94.0->runpod==1.7.3)
#12 13.53   Downloading sentry_sdk-2.32.0-py2.py3-none-any.whl.metadata (10 kB)
#12 13.62 Requirement already satisfied: six>=1.5 in /opt/conda/lib/python3.10/site-packages (from python-dateutil<3.0.0,>=2.1->botocore<1.40.0,>=1.39.4->boto3>=1.26.165->runpod==1.7.3) (1.16.0)
#12 13.72 Collecting rich>=13.7.1 (from rich-toolkit>=0.14.8->fastapi-cli>=0.0.8->fastapi-cli[standard]>=0.0.8; extra == "all"->fastapi[all]>=0.94.0->runpod==1.7.3)
#12 13.73   Downloading rich-14.0.0-py3-none-any.whl.metadata (18 kB)
#12 13.79 Collecting shellingham>=1.3.0 (from typer>=0.15.1->fastapi-cli>=0.0.8->fastapi-cli[standard]>=0.0.8; extra == "all"->fastapi[all]>=0.94.0->runpod==1.7.3)
#12 13.80   Downloading shellingham-1.5.4-py2.py3-none-any.whl.metadata (3.5 kB)
#12 13.96 Collecting markdown-it-py>=2.2.0 (from rich>=13.7.1->rich-toolkit>=0.14.8->fastapi-cli>=0.0.8->fastapi-cli[standard]>=0.0.8; extra == "all"->fastapi[all]>=0.94.0->runpod==1.7.3)
#12 13.97   Downloading markdown_it_py-3.0.0-py3-none-any.whl.metadata (6.9 kB)
#12 13.97 Requirement already satisfied: pygments<3.0.0,>=2.13.0 in /opt/conda/lib/python3.10/site-packages (from rich>=13.7.1->rich-toolkit>=0.14.8->fastapi-cli>=0.0.8->fastapi-cli[standard]>=0.0.8; extra == "all"->fastapi[all]>=0.94.0->runpod==1.7.3) (2.15.1)
#12 14.14 Collecting mdurl~=0.1 (from markdown-it-py>=2.2.0->rich>=13.7.1->rich-toolkit>=0.14.8->fastapi-cli>=0.0.8->fastapi-cli[standard]>=0.0.8; extra == "all"->fastapi[all]>=0.94.0->runpod==1.7.3)
#12 14.15   Downloading mdurl-0.1.2-py3-none-any.whl.metadata (1.6 kB)
#12 14.29 Downloading runpod-1.7.3-py3-none-any.whl (4.0 MB)
#12 14.58    ━━━━━━━━━━━━━━━━━━━━━━━━━━━━━━━━━━━━━━━━ 4.0/4.0 MB 14.1 MB/s eta 0:00:00
#12 14.58 Downloading numpy-1.24.3-cp310-cp310-manylinux_2_17_x86_64.manylinux2014_x86_64.whl (17.3 MB)
#12 14.92    ━━━━━━━━━━━━━━━━━━━━━━━━━━━━━━━━━━━━━━━━ 17.3/17.3 MB 53.0 MB/s eta 0:00:00
#12 14.93 Downloading scipy-1.10.1-cp310-cp310-manylinux_2_17_x86_64.manylinux2014_x86_64.whl (34.4 MB)
#12 15.58    ━━━━━━━━━━━━━━━━━━━━━━━━━━━━━━━━━━━━━━━━ 34.4/34.4 MB 54.5 MB/s eta 0:00:00
#12 15.59 Downloading transformers-4.43.3-py3-none-any.whl (9.4 MB)
#12 15.76    ━━━━━━━━━━━━━━━━━━━━━━━━━━━━━━━━━━━━━━━━ 9.4/9.4 MB 56.3 MB/s eta 0:00:00
#12 15.77 Downloading tokenizers-0.19.1-cp310-cp310-manylinux_2_17_x86_64.manylinux2014_x86_64.whl (3.6 MB)
#12 15.84    ━━━━━━━━━━━━━━━━━━━━━━━━━━━━━━━━━━━━━━━━ 3.6/3.6 MB 58.6 MB/s eta 0:00:00
#12 15.84 Downloading librosa-0.10.2-py3-none-any.whl (260 kB)
#12 15.85    ━━━━━━━━━━━━━━━━━━━━━━━━━━━━━━━━━━━━━━━━ 260.0/260.0 kB 71.9 MB/s eta 0:00:00
#12 15.86 Downloading soundfile-0.12.1-py2.py3-none-manylinux_2_31_x86_64.whl (1.2 MB)
#12 15.88    ━━━━━━━━━━━━━━━━━━━━━━━━━━━━━━━━━━━━━━━━ 1.2/1.2 MB 62.5 MB/s eta 0:00:00
#12 15.88 Downloading huggingface_hub-0.23.5-py3-none-any.whl (402 kB)
#12 15.89    ━━━━━━━━━━━━━━━━━━━━━━━━━━━━━━━━━━━━━━━━ 402.8/402.8 kB 71.0 MB/s eta 0:00:00
#12 15.90 Downloading InquirerPy-0.3.4-py3-none-any.whl (67 kB)
#12 15.90    ━━━━━━━━━━━━━━━━━━━━━━━━━━━━━━━━━━━━━━━━ 67.7/67.7 kB 397.7 MB/s eta 0:00:00
#12 15.91 Downloading diffusers-0.32.2-py3-none-any.whl (3.2 MB)
#12 15.98    ━━━━━━━━━━━━━━━━━━━━━━━━━━━━━━━━━━━━━━━━ 3.2/3.2 MB 50.3 MB/s eta 0:00:00
#12 15.99 Downloading accelerate-1.8.1-py3-none-any.whl (365 kB)
#12 16.00    ━━━━━━━━━━━━━━━━━━━━━━━━━━━━━━━━━━━━━━━ 365.3/365.3 kB 443.8 MB/s eta 0:00:00
#12 16.00 Downloading safetensors-0.5.3-cp38-abi3-manylinux_2_17_x86_64.manylinux2014_x86_64.whl (471 kB)
#12 16.01    ━━━━━━━━━━━━━━━━━━━━━━━━━━━━━━━━━━━━━━━━ 471.6/471.6 kB 66.8 MB/s eta 0:00:00
#12 16.02 Downloading opencv_python-4.11.0.86-cp37-abi3-manylinux_2_17_x86_64.manylinux2014_x86_64.whl (63.0 MB)
#12 17.19    ━━━━━━━━━━━━━━━━━━━━━━━━━━━━━━━━━━━━━━━━ 63.0/63.0 MB 55.3 MB/s eta 0:00:00
#12 17.20 Downloading imageio-2.37.0-py3-none-any.whl (315 kB)
#12 17.21    ━━━━━━━━━━━━━━━━━━━━━━━━━━━━━━━━━━━━━━━━ 315.8/315.8 kB 45.6 MB/s eta 0:00:00
#12 17.22 Downloading einops-0.8.1-py3-none-any.whl (64 kB)
#12 17.22    ━━━━━━━━━━━━━━━━━━━━━━━━━━━━━━━━━━━━━━━━ 64.4/64.4 kB 305.8 MB/s eta 0:00:00
#12 17.23 Downloading rotary_embedding_torch-0.8.8-py3-none-any.whl (5.9 kB)
#12 17.23 Downloading tensorboardx-2.6.4-py3-none-any.whl (87 kB)
#12 17.24    ━━━━━━━━━━━━━━━━━━━━━━━━━━━━━━━━━━━━━━━━ 87.2/87.2 kB 173.1 MB/s eta 0:00:00
#12 17.24 Downloading omegaconf-2.3.0-py3-none-any.whl (79 kB)
#12 17.24    ━━━━━━━━━━━━━━━━━━━━━━━━━━━━━━━━━━━━━━━━ 79.5/79.5 kB 205.7 MB/s eta 0:00:00
#12 17.25 Downloading easydict-1.13-py3-none-any.whl (6.8 kB)
#12 17.26 Downloading ftfy-6.3.1-py3-none-any.whl (44 kB)
#12 17.26    ━━━━━━━━━━━━━━━━━━━━━━━━━━━━━━━━━━━━━━━━ 44.8/44.8 kB 345.5 MB/s eta 0:00:00
#12 17.27 Downloading xformers-0.0.31.post1-cp39-abi3-manylinux_2_28_x86_64.whl (117.1 MB)
#12 19.49    ━━━━━━━━━━━━━━━━━━━━━━━━━━━━━━━━━━━━━━━━ 117.1/117.1 MB 51.8 MB/s eta 0:00:00
#12 19.51 Downloading torch-2.7.1-cp310-cp310-manylinux_2_28_x86_64.whl (821.2 MB)
#12 34.85    ━━━━━━━━━━━━━━━━━━━━━━━━━━━━━━━━━━━━━━━━ 821.2/821.2 MB 51.9 MB/s eta 0:00:00
#12 34.86 Downloading nvidia_cublas_cu12-12.6.4.1-py3-none-manylinux2014_x86_64.manylinux_2_17_x86_64.whl (393.1 MB)
#12 42.12    ━━━━━━━━━━━━━━━━━━━━━━━━━━━━━━━━━━━━━━━━ 393.1/393.1 MB 53.3 MB/s eta 0:00:00
#12 42.13 Downloading nvidia_cuda_cupti_cu12-12.6.80-py3-none-manylinux2014_x86_64.manylinux_2_17_x86_64.whl (8.9 MB)
#12 42.31    ━━━━━━━━━━━━━━━━━━━━━━━━━━━━━━━━━━━━━━━━ 8.9/8.9 MB 51.7 MB/s eta 0:00:00
#12 42.31 Downloading nvidia_cuda_nvrtc_cu12-12.6.77-py3-none-manylinux2014_x86_64.whl (23.7 MB)
#12 42.75    ━━━━━━━━━━━━━━━━━━━━━━━━━━━━━━━━━━━━━━━━ 23.7/23.7 MB 51.9 MB/s eta 0:00:00
#12 42.76 Downloading nvidia_cuda_runtime_cu12-12.6.77-py3-none-manylinux2014_x86_64.manylinux_2_17_x86_64.whl (897 kB)
#12 42.78    ━━━━━━━━━━━━━━━━━━━━━━━━━━━━━━━━━━━━━━━━ 897.7/897.7 kB 48.8 MB/s eta 0:00:00
#12 42.79 Downloading nvidia_cudnn_cu12-9.5.1.17-py3-none-manylinux_2_28_x86_64.whl (571.0 MB)
#12 53.44    ━━━━━━━━━━━━━━━━━━━━━━━━━━━━━━━━━━━━━━━━ 571.0/571.0 MB 55.3 MB/s eta 0:00:00
#12 53.45 Downloading nvidia_cufft_cu12-11.3.0.4-py3-none-manylinux2014_x86_64.manylinux_2_17_x86_64.whl (200.2 MB)
#12 57.14    ━━━━━━━━━━━━━━━━━━━━━━━━━━━━━━━━━━━━━━━━ 200.2/200.2 MB 52.3 MB/s eta 0:00:00
#12 57.14 Downloading nvidia_cufile_cu12-1.11.1.6-py3-none-manylinux2014_x86_64.manylinux_2_17_x86_64.whl (1.1 MB)
#12 57.17    ━━━━━━━━━━━━━━━━━━━━━━━━━━━━━━━━━━━━━━━━ 1.1/1.1 MB 51.0 MB/s eta 0:00:00
#12 57.17 Downloading nvidia_curand_cu12-10.3.7.77-py3-none-manylinux2014_x86_64.manylinux_2_17_x86_64.whl (56.3 MB)
#12 58.23    ━━━━━━━━━━━━━━━━━━━━━━━━━━━━━━━━━━━━━━━━ 56.3/56.3 MB 54.4 MB/s eta 0:00:00
#12 58.23 Downloading nvidia_cusolver_cu12-11.7.1.2-py3-none-manylinux2014_x86_64.manylinux_2_17_x86_64.whl (158.2 MB)
#12 61.18    ━━━━━━━━━━━━━━━━━━━━━━━━━━━━━━━━━━━━━━━━ 158.2/158.2 MB 53.2 MB/s eta 0:00:00
#12 61.19 Downloading nvidia_cusparse_cu12-12.5.4.2-py3-none-manylinux2014_x86_64.manylinux_2_17_x86_64.whl (216.6 MB)
#12 65.29    ━━━━━━━━━━━━━━━━━━━━━━━━━━━━━━━━━━━━━━━━ 216.6/216.6 MB 48.4 MB/s eta 0:00:00
#12 65.30 Downloading nvidia_cusparselt_cu12-0.6.3-py3-none-manylinux2014_x86_64.whl (156.8 MB)
#12 68.23    ━━━━━━━━━━━━━━━━━━━━━━━━━━━━━━━━━━━━━━━━ 156.8/156.8 MB 53.6 MB/s eta 0:00:00
#12 68.24 Downloading nvidia_nccl_cu12-2.26.2-py3-none-manylinux2014_x86_64.manylinux_2_17_x86_64.whl (201.3 MB)
#12 71.97    ━━━━━━━━━━━━━━━━━━━━━━━━━━━━━━━━━━━━━━━━ 201.3/201.3 MB 54.4 MB/s eta 0:00:00
#12 71.98 Downloading nvidia_nvjitlink_cu12-12.6.85-py3-none-manylinux2010_x86_64.manylinux_2_12_x86_64.whl (19.7 MB)
#12 72.34    ━━━━━━━━━━━━━━━━━━━━━━━━━━━━━━━━━━━━━━━━ 19.7/19.7 MB 54.0 MB/s eta 0:00:00
#12 72.35 Downloading nvidia_nvtx_cu12-12.6.77-py3-none-manylinux2014_x86_64.manylinux_2_17_x86_64.whl (89 kB)
#12 72.35    ━━━━━━━━━━━━━━━━━━━━━━━━━━━━━━━━━━━━━━━━ 89.3/89.3 kB 36.9 MB/s eta 0:00:00
#12 72.36 Downloading triton-3.3.1-cp310-cp310-manylinux_2_27_x86_64.manylinux_2_28_x86_64.whl (155.6 MB)
#12 75.25    ━━━━━━━━━━━━━━━━━━━━━━━━━━━━━━━━━━━━━━━━ 155.6/155.6 MB 55.6 MB/s eta 0:00:00
#12 75.25 Downloading aiohttp-3.12.14-cp310-cp310-manylinux_2_17_x86_64.manylinux2014_x86_64.whl (1.6 MB)
#12 75.29    ━━━━━━━━━━━━━━━━━━━━━━━━━━━━━━━━━━━━━━━━ 1.6/1.6 MB 49.6 MB/s eta 0:00:00
#12 75.30 Downloading aiohttp_retry-2.9.1-py3-none-any.whl (10.0 kB)
#12 75.31 Downloading audioread-3.0.1-py3-none-any.whl (23 kB)
#12 75.31 Downloading backoff-2.2.1-py3-none-any.whl (15 kB)
#12 75.32 Downloading boto3-1.39.4-py3-none-any.whl (139 kB)
#12 75.32    ━━━━━━━━━━━━━━━━━━━━━━━━━━━━━━━━━━━━━━━ 139.9/139.9 kB 102.3 MB/s eta 0:00:00
#12 75.33 Downloading colorama-0.4.6-py2.py3-none-any.whl (25 kB)
#12 75.33 Downloading fastapi-0.116.1-py3-none-any.whl (95 kB)
#12 75.34    ━━━━━━━━━━━━━━━━━━━━━━━━━━━━━━━━━━━━━━━━ 95.6/95.6 kB 384.3 MB/s eta 0:00:00
#12 75.34 Downloading joblib-1.5.1-py3-none-any.whl (307 kB)
#12 75.35    ━━━━━━━━━━━━━━━━━━━━━━━━━━━━━━━━━━━━━━━━ 307.7/307.7 kB 55.0 MB/s eta 0:00:00
#12 75.36 Downloading lazy_loader-0.4-py3-none-any.whl (12 kB)
#12 75.36 Downloading msgpack-1.1.1-cp310-cp310-manylinux_2_17_x86_64.manylinux2014_x86_64.whl (408 kB)
#12 75.37    ━━━━━━━━━━━━━━━━━━━━━━━━━━━━━━━━━━━━━━━━ 408.6/408.6 kB 77.1 MB/s eta 0:00:00
#12 75.38 Downloading numba-0.61.2-cp310-cp310-manylinux2014_x86_64.manylinux_2_17_x86_64.whl (3.8 MB)
#12 75.45    ━━━━━━━━━━━━━━━━━━━━━━━━━━━━━━━━━━━━━━━━ 3.8/3.8 MB 59.5 MB/s eta 0:00:00
#12 75.46 Downloading paramiko-3.5.1-py3-none-any.whl (227 kB)
#12 75.46    ━━━━━━━━━━━━━━━━━━━━━━━━━━━━━━━━━━━━━━━ 227.3/227.3 kB 128.1 MB/s eta 0:00:00
#12 75.47 Downloading pooch-1.8.2-py3-none-any.whl (64 kB)
#12 75.47    ━━━━━━━━━━━━━━━━━━━━━━━━━━━━━━━━━━━━━━━━ 64.6/64.6 kB 268.8 MB/s eta 0:00:00
#12 75.47 Downloading prettytable-3.16.0-py3-none-any.whl (33 kB)
#12 75.48 Downloading protobuf-6.31.1-cp39-abi3-manylinux2014_x86_64.whl (321 kB)
#12 75.49    ━━━━━━━━━━━━━━━━━━━━━━━━━━━━━━━━━━━━━━━━ 321.1/321.1 kB 72.5 MB/s eta 0:00:00
#12 75.50 Downloading py_cpuinfo-9.0.0-py3-none-any.whl (22 kB)
#12 75.50 Downloading regex-2024.11.6-cp310-cp310-manylinux_2_17_x86_64.manylinux2014_x86_64.whl (781 kB)
#12 75.52    ━━━━━━━━━━━━━━━━━━━━━━━━━━━━━━━━━━━━━━━━ 781.7/781.7 kB 65.2 MB/s eta 0:00:00
#12 75.53 Downloading scikit_learn-1.7.0-cp310-cp310-manylinux_2_17_x86_64.manylinux2014_x86_64.whl (12.9 MB)
#12 75.78    ━━━━━━━━━━━━━━━━━━━━━━━━━━━━━━━━━━━━━━━━ 12.9/12.9 MB 49.4 MB/s eta 0:00:00
#12 75.79 Downloading soxr-0.5.0.post1-cp310-cp310-manylinux_2_17_x86_64.manylinux2014_x86_64.whl (252 kB)
#12 75.80    ━━━━━━━━━━━━━━━━━━━━━━━━━━━━━━━━━━━━━━━━ 252.8/252.8 kB 74.8 MB/s eta 0:00:00
#12 75.80 Downloading tomlkit-0.13.3-py3-none-any.whl (38 kB)
#12 75.81 Downloading tqdm_loggable-0.2-py3-none-any.whl (9.3 kB)
#12 75.82 Downloading typing_extensions-4.14.1-py3-none-any.whl (43 kB)
#12 75.82    ━━━━━━━━━━━━━━━━━━━━━━━━━━━━━━━━━━━━━━━━ 43.9/43.9 kB 140.2 MB/s eta 0:00:00
#12 75.83 Downloading watchdog-6.0.0-py3-none-manylinux2014_x86_64.whl (79 kB)
#12 75.83    ━━━━━━━━━━━━━━━━━━━━━━━━━━━━━━━━━━━━━━━━ 79.1/79.1 kB 64.2 MB/s eta 0:00:00
#12 75.84 Downloading importlib_metadata-8.7.0-py3-none-any.whl (27 kB)
#12 75.85 Downloading aiodns-3.5.0-py3-none-any.whl (8.1 kB)
#12 75.85 Downloading aiohappyeyeballs-2.6.1-py3-none-any.whl (15 kB)
#12 75.86 Downloading aiosignal-1.4.0-py3-none-any.whl (7.5 kB)
#12 75.87 Downloading async_timeout-5.0.1-py3-none-any.whl (6.2 kB)
#12 75.87 Downloading bcrypt-4.3.0-cp39-abi3-manylinux_2_28_x86_64.whl (284 kB)
#12 75.88    ━━━━━━━━━━━━━━━━━━━━━━━━━━━━━━━━━━━━━━━━ 284.5/284.5 kB 95.7 MB/s eta 0:00:00
#12 75.89 Downloading botocore-1.39.4-py3-none-any.whl (13.8 MB)
#12 76.16    ━━━━━━━━━━━━━━━━━━━━━━━━━━━━━━━━━━━━━━━━ 13.8/13.8 MB 51.6 MB/s eta 0:00:00
#12 76.17 Downloading email_validator-2.2.0-py3-none-any.whl (33 kB)
#12 76.17 Downloading fastapi_cli-0.0.8-py3-none-any.whl (10 kB)
#12 76.19 Downloading frozenlist-1.7.0-cp310-cp310-manylinux_2_5_x86_64.manylinux1_x86_64.manylinux_2_17_x86_64.manylinux2014_x86_64.whl (222 kB)
#12 76.19    ━━━━━━━━━━━━━━━━━━━━━━━━━━━━━━━━━━━━━━━ 222.9/222.9 kB 156.3 MB/s eta 0:00:00
#12 76.20 Downloading httpx-0.28.1-py3-none-any.whl (73 kB)
#12 76.20    ━━━━━━━━━━━━━━━━━━━━━━━━━━━━━━━━━━━━━━━━ 73.5/73.5 kB 224.7 MB/s eta 0:00:00
#12 76.21 Downloading httpcore-1.0.9-py3-none-any.whl (78 kB)
#12 76.21    ━━━━━━━━━━━━━━━━━━━━━━━━━━━━━━━━━━━━━━━━ 78.8/78.8 kB 192.9 MB/s eta 0:00:00
#12 76.22 Downloading itsdangerous-2.2.0-py3-none-any.whl (16 kB)
#12 76.23 Downloading jinja2-3.1.6-py3-none-any.whl (134 kB)
#12 76.23    ━━━━━━━━━━━━━━━━━━━━━━━━━━━━━━━━━━━━━━━ 134.9/134.9 kB 134.0 MB/s eta 0:00:00
#12 76.24 Downloading jmespath-1.0.1-py3-none-any.whl (20 kB)
#12 76.25 Downloading llvmlite-0.44.0-cp310-cp310-manylinux_2_17_x86_64.manylinux2014_x86_64.whl (42.4 MB)
#12 77.02    ━━━━━━━━━━━━━━━━━━━━━━━━━━━━━━━━━━━━━━━━ 42.4/42.4 MB 55.5 MB/s eta 0:00:00
#12 77.03 Downloading multidict-6.6.3-cp310-cp310-manylinux2014_x86_64.manylinux_2_17_x86_64.manylinux_2_28_x86_64.whl (241 kB)
#12 77.03    ━━━━━━━━━━━━━━━━━━━━━━━━━━━━━━━━━━━━━━━ 241.6/241.6 kB 179.8 MB/s eta 0:00:00
#12 77.04 Downloading orjson-3.10.18-cp310-cp310-manylinux_2_17_x86_64.manylinux2014_x86_64.whl (132 kB)
#12 77.05    ━━━━━━━━━━━━━━━━━━━━━━━━━━━━━━━━━━━━━━━━ 132.8/132.8 kB 85.0 MB/s eta 0:00:00
#12 77.06 Downloading pfzy-0.3.4-py3-none-any.whl (8.5 kB)
#12 77.07 Downloading propcache-0.3.2-cp310-cp310-manylinux_2_17_x86_64.manylinux2014_x86_64.whl (198 kB)
#12 77.07    ━━━━━━━━━━━━━━━━━━━━━━━━━━━━━━━━━━━━━━━━ 198.3/198.3 kB 53.5 MB/s eta 0:00:00
#12 77.08 Downloading pydantic-2.11.7-py3-none-any.whl (444 kB)
#12 77.09    ━━━━━━━━━━━━━━━━━━━━━━━━━━━━━━━━━━━━━━━━ 444.8/444.8 kB 59.4 MB/s eta 0:00:00
#12 77.11 Downloading pydantic_core-2.33.2-cp310-cp310-manylinux_2_17_x86_64.manylinux2014_x86_64.whl (2.0 MB)
#12 77.15    ━━━━━━━━━━━━━━━━━━━━━━━━━━━━━━━━━━━━━━━━ 2.0/2.0 MB 50.6 MB/s eta 0:00:00
#12 77.17 Downloading pydantic_extra_types-2.10.5-py3-none-any.whl (38 kB)
#12 77.18 Downloading pydantic_settings-2.10.1-py3-none-any.whl (45 kB)
#12 77.18    ━━━━━━━━━━━━━━━━━━━━━━━━━━━━━━━━━━━━━━━━ 45.2/45.2 kB 206.9 MB/s eta 0:00:00
#12 77.19 Downloading PyNaCl-1.5.0-cp36-abi3-manylinux_2_17_x86_64.manylinux2014_x86_64.manylinux_2_24_x86_64.whl (856 kB)
#12 77.20    ━━━━━━━━━━━━━━━━━━━━━━━━━━━━━━━━━━━━━━━━ 856.7/856.7 kB 69.0 MB/s eta 0:00:00
#12 77.21 Downloading python_multipart-0.0.20-py3-none-any.whl (24 kB)
#12 77.22 Downloading s3transfer-0.13.0-py3-none-any.whl (85 kB)
#12 77.22    ━━━━━━━━━━━━━━━━━━━━━━━━━━━━━━━━━━━━━━━━ 85.2/85.2 kB 103.5 MB/s eta 0:00:00
#12 77.23 Downloading starlette-0.47.1-py3-none-any.whl (72 kB)
#12 77.23    ━━━━━━━━━━━━━━━━━━━━━━━━━━━━━━━━━━━━━━━━ 72.7/72.7 kB 48.2 MB/s eta 0:00:00
#12 77.24 Downloading sympy-1.14.0-py3-none-any.whl (6.3 MB)
#12 77.36    ━━━━━━━━━━━━━━━━━━━━━━━━━━━━━━━━━━━━━━━━ 6.3/6.3 MB 52.6 MB/s eta 0:00:00
#12 77.37 Downloading threadpoolctl-3.6.0-py3-none-any.whl (18 kB)
#12 77.38 Downloading ujson-5.10.0-cp310-cp310-manylinux_2_17_x86_64.manylinux2014_x86_64.whl (53 kB)
#12 77.38    ━━━━━━━━━━━━━━━━━━━━━━━━━━━━━━━━━━━━━━━━ 53.6/53.6 kB 188.1 MB/s eta 0:00:00
#12 77.39 Downloading uvicorn-0.35.0-py3-none-any.whl (66 kB)
#12 77.39    ━━━━━━━━━━━━━━━━━━━━━━━━━━━━━━━━━━━━━━━━ 66.4/66.4 kB 249.2 MB/s eta 0:00:00
#12 77.40 Downloading yarl-1.20.1-cp310-cp310-manylinux_2_17_x86_64.manylinux2014_x86_64.whl (326 kB)
#12 77.41    ━━━━━━━━━━━━━━━━━━━━━━━━━━━━━━━━━━━━━━━━ 326.1/326.1 kB 86.5 MB/s eta 0:00:00
#12 77.42 Downloading zipp-3.23.0-py3-none-any.whl (10 kB)
#12 77.43 Downloading annotated_types-0.7.0-py3-none-any.whl (13 kB)
#12 77.43 Downloading anyio-4.9.0-py3-none-any.whl (100 kB)
#12 77.44    ━━━━━━━━━━━━━━━━━━━━━━━━━━━━━━━━━━━━━━━ 100.9/100.9 kB 327.8 MB/s eta 0:00:00
#12 77.44 Downloading fastapi_cloud_cli-0.1.4-py3-none-any.whl (18 kB)
#12 77.45 Downloading h11-0.16.0-py3-none-any.whl (37 kB)
#12 77.46 Downloading httptools-0.6.4-cp310-cp310-manylinux_2_5_x86_64.manylinux1_x86_64.manylinux_2_17_x86_64.manylinux2014_x86_64.whl (442 kB)
#12 77.47    ━━━━━━━━━━━━━━━━━━━━━━━━━━━━━━━━━━━━━━━━ 442.1/442.1 kB 75.7 MB/s eta 0:00:00
#12 77.48 Downloading pycares-4.9.0-cp310-cp310-manylinux_2_17_x86_64.manylinux2014_x86_64.whl (627 kB)
#12 77.49    ━━━━━━━━━━━━━━━━━━━━━━━━━━━━━━━━━━━━━━━━ 628.0/628.0 kB 71.2 MB/s eta 0:00:00
#12 77.49 Downloading python_dateutil-2.9.0.post0-py2.py3-none-any.whl (229 kB)
#12 77.50    ━━━━━━━━━━━━━━━━━━━━━━━━━━━━━━━━━━━━━━━ 229.9/229.9 kB 104.2 MB/s eta 0:00:00
#12 77.51 Downloading python_dotenv-1.1.1-py3-none-any.whl (20 kB)
#12 77.51 Downloading rich_toolkit-0.14.8-py3-none-any.whl (24 kB)
#12 77.52 Downloading typer-0.16.0-py3-none-any.whl (46 kB)
#12 77.53    ━━━━━━━━━━━━━━━━━━━━━━━━━━━━━━━━━━━━━━━━ 46.3/46.3 kB 36.9 MB/s eta 0:00:00
#12 77.53 Downloading typing_inspection-0.4.1-py3-none-any.whl (14 kB)
#12 77.54 Downloading uvloop-0.21.0-cp310-cp310-manylinux_2_17_x86_64.manylinux2014_x86_64.whl (3.8 MB)
#12 77.61    ━━━━━━━━━━━━━━━━━━━━━━━━━━━━━━━━━━━━━━━━ 3.8/3.8 MB 57.8 MB/s eta 0:00:00
#12 77.62 Downloading watchfiles-1.1.0-cp310-cp310-manylinux_2_17_x86_64.manylinux2014_x86_64.whl (453 kB)
#12 77.63    ━━━━━━━━━━━━━━━━━━━━━━━━━━━━━━━━━━━━━━━━ 453.1/453.1 kB 74.5 MB/s eta 0:00:00
#12 77.64 Downloading websockets-15.0.1-cp310-cp310-manylinux_2_5_x86_64.manylinux1_x86_64.manylinux_2_17_x86_64.manylinux2014_x86_64.whl (181 kB)
#12 77.64    ━━━━━━━━━━━━━━━━━━━━━━━━━━━━━━━━━━━━━━━ 181.6/181.6 kB 124.4 MB/s eta 0:00:00
#12 77.65 Downloading rich-14.0.0-py3-none-any.whl (243 kB)
#12 77.66    ━━━━━━━━━━━━━━━━━━━━━━━━━━━━━━━━━━━━━━━━ 243.2/243.2 kB 56.4 MB/s eta 0:00:00
#12 77.67 Downloading rignore-0.6.2-cp310-cp310-manylinux_2_17_x86_64.manylinux2014_x86_64.whl (950 kB)
#12 77.68    ━━━━━━━━━━━━━━━━━━━━━━━━━━━━━━━━━━━━━━━━ 950.3/950.3 kB 67.9 MB/s eta 0:00:00
#12 77.69 Downloading sentry_sdk-2.32.0-py2.py3-none-any.whl (356 kB)
#12 77.70    ━━━━━━━━━━━━━━━━━━━━━━━━━━━━━━━━━━━━━━━━ 356.1/356.1 kB 54.0 MB/s eta 0:00:00
#12 77.70 Downloading shellingham-1.5.4-py2.py3-none-any.whl (9.8 kB)
#12 77.71 Downloading sniffio-1.3.1-py3-none-any.whl (10 kB)
#12 77.72 Downloading markdown_it_py-3.0.0-py3-none-any.whl (87 kB)
#12 77.72    ━━━━━━━━━━━━━━━━━━━━━━━━━━━━━━━━━━━━━━━━ 87.5/87.5 kB 60.8 MB/s eta 0:00:00
#12 77.73 Downloading mdurl-0.1.2-py3-none-any.whl (10.0 kB)
#12 88.14 Building wheels for collected packages: antlr4-python3-runtime
#12 88.14   Building wheel for antlr4-python3-runtime (setup.py): started
#12 88.50   Building wheel for antlr4-python3-runtime (setup.py): finished with status 'done'
#12 88.50   Created wheel for antlr4-python3-runtime: filename=antlr4_python3_runtime-4.9.3-py3-none-any.whl size=144554 sha256=017a69968de13d63b695fa07d756ced8583e76d0f549c5e2e1c34c5b02051029
#12 88.50   Stored in directory: /tmp/pip-ephem-wheel-cache-3nv5elhh/wheels/12/93/dd/1f6a127edc45659556564c5730f6d4e300888f4bca2d4c5a88
#12 88.50 Successfully built antlr4-python3-runtime
#12 89.61 Installing collected packages: py-cpuinfo, nvidia-cusparselt-cu12, easydict, antlr4-python3-runtime, zipp, websockets, watchdog, uvloop, ujson, typing-extensions, triton, tqdm-loggable, tomlkit, threadpoolctl, sympy, sniffio, shellingham, sentry-sdk, safetensors, rignore, regex, python-multipart, python-dotenv, python-dateutil, protobuf, propcache, prettytable, pfzy, orjson, omegaconf, nvidia-nvtx-cu12, nvidia-nvjitlink-cu12, nvidia-nccl-cu12, nvidia-curand-cu12, nvidia-cufile-cu12, nvidia-cuda-runtime-cu12, nvidia-cuda-nvrtc-cu12, nvidia-cuda-cupti-cu12, nvidia-cublas-cu12, numpy, msgpack, mdurl, llvmlite, lazy-loader, joblib, jmespath, jinja2, itsdangerous, httptools, h11, ftfy, frozenlist, email-validator, einops, colorama, bcrypt, backoff, audioread, async-timeout, annotated-types, aiohappyeyeballs, uvicorn, typing-inspection, tensorboardX, soxr, soundfile, scipy, pynacl, pydantic-core, pycares, pooch, opencv-python, nvidia-cusparse-cu12, nvidia-cufft-cu12, nvidia-cudnn-cu12, numba, multidict, markdown-it-py, inquirerpy, importlib_metadata, imageio, huggingface-hub, httpcore, botocore, anyio, aiosignal, yarl, watchfiles, tokenizers, starlette, scikit-learn, s3transfer, rich, pydantic, paramiko, nvidia-cusolver-cu12, httpx, diffusers, aiodns, typer, transformers, torch, rich-toolkit, pydantic-settings, pydantic-extra-types, librosa, fastapi, boto3, aiohttp, xformers, rotary-embedding-torch, fastapi-cloud-cli, fastapi-cli, aiohttp-retry, accelerate, runpod
#12 91.22   Attempting uninstall: typing-extensions
#12 91.22     Found existing installation: typing_extensions 4.7.1
#12 91.23     Uninstalling typing_extensions-4.7.1:
#12 91.46       Successfully uninstalled typing_extensions-4.7.1
#12 91.48   Attempting uninstall: triton
#12 91.48     Found existing installation: triton 2.1.0
#12 91.48     Uninstalling triton-2.1.0:
#12 91.85       Successfully uninstalled triton-2.1.0
#12 93.94   Attempting uninstall: sympy
#12 93.94     Found existing installation: sympy 1.12
#12 94.04     Uninstalling sympy-1.12:
#12 94.75       Successfully uninstalled sympy-1.12
#12 104.9   Attempting uninstall: numpy
#12 104.9     Found existing installation: numpy 1.26.2
#12 104.9     Uninstalling numpy-1.26.2:
#12 105.2       Successfully uninstalled numpy-1.26.2
#12 108.2   Attempting uninstall: jinja2
#12 108.2     Found existing installation: Jinja2 3.1.2
#12 108.2     Uninstalling Jinja2-3.1.2:
#12 108.2       Successfully uninstalled Jinja2-3.1.2
#12 131.5   Attempting uninstall: torch
#12 131.5     Found existing installation: torch 2.1.2
#12 131.5     Uninstalling torch-2.1.2:
#12 139.8       Successfully uninstalled torch-2.1.2
#12 155.8 Successfully installed accelerate-1.8.1 aiodns-3.5.0 aiohappyeyeballs-2.6.1 aiohttp-3.12.14 aiohttp-retry-2.9.1 aiosignal-1.4.0 annotated-types-0.7.0 antlr4-python3-runtime-4.9.3 anyio-4.9.0 async-timeout-5.0.1 audioread-3.0.1 backoff-2.2.1 bcrypt-4.3.0 boto3-1.39.4 botocore-1.39.4 colorama-0.4.6 diffusers-0.32.2 easydict-1.13 einops-0.8.1 email-validator-2.2.0 fastapi-0.116.1 fastapi-cli-0.0.8 fastapi-cloud-cli-0.1.4 frozenlist-1.7.0 ftfy-6.3.1 h11-0.16.0 httpcore-1.0.9 httptools-0.6.4 httpx-0.28.1 huggingface-hub-0.23.5 imageio-2.37.0 importlib_metadata-8.7.0 inquirerpy-0.3.4 itsdangerous-2.2.0 jinja2-3.1.6 jmespath-1.0.1 joblib-1.5.1 lazy-loader-0.4 librosa-0.10.2 llvmlite-0.44.0 markdown-it-py-3.0.0 mdurl-0.1.2 msgpack-1.1.1 multidict-6.6.3 numba-0.61.2 numpy-1.24.3 nvidia-cublas-cu12-12.6.4.1 nvidia-cuda-cupti-cu12-12.6.80 nvidia-cuda-nvrtc-cu12-12.6.77 nvidia-cuda-runtime-cu12-12.6.77 nvidia-cudnn-cu12-9.5.1.17 nvidia-cufft-cu12-11.3.0.4 nvidia-cufile-cu12-1.11.1.6 nvidia-curand-cu12-10.3.7.77 nvidia-cusolver-cu12-11.7.1.2 nvidia-cusparse-cu12-12.5.4.2 nvidia-cusparselt-cu12-0.6.3 nvidia-nccl-cu12-2.26.2 nvidia-nvjitlink-cu12-12.6.85 nvidia-nvtx-cu12-12.6.77 omegaconf-2.3.0 opencv-python-4.11.0.86 orjson-3.10.18 paramiko-3.5.1 pfzy-0.3.4 pooch-1.8.2 prettytable-3.16.0 propcache-0.3.2 protobuf-6.31.1 py-cpuinfo-9.0.0 pycares-4.9.0 pydantic-2.11.7 pydantic-core-2.33.2 pydantic-extra-types-2.10.5 pydantic-settings-2.10.1 pynacl-1.5.0 python-dateutil-2.9.0.post0 python-dotenv-1.1.1 python-multipart-0.0.20 regex-2024.11.6 rich-14.0.0 rich-toolkit-0.14.8 rignore-0.6.2 rotary-embedding-torch-0.8.8 runpod-1.7.3 s3transfer-0.13.0 safetensors-0.5.3 scikit-learn-1.7.0 scipy-1.10.1 sentry-sdk-2.32.0 shellingham-1.5.4 sniffio-1.3.1 soundfile-0.12.1 soxr-0.5.0.post1 starlette-0.47.1 sympy-1.14.0 tensorboardX-2.6.4 threadpoolctl-3.6.0 tokenizers-0.19.1 tomlkit-0.13.3 torch-2.7.1 tqdm-loggable-0.2 transformers-4.43.3 triton-3.3.1 typer-0.16.0 typing-extensions-4.14.1 typing-inspection-0.4.1 ujson-5.10.0 uvicorn-0.35.0 uvloop-0.21.0 watchdog-6.0.0 watchfiles-1.1.0 websockets-15.0.1 xformers-0.0.31.post1 yarl-1.20.1 zipp-3.23.0
#12 155.8 WARNING: Running pip as the 'root' user can result in broken permissions and conflicting behaviour with the system package manager. It is recommended to use a virtual environment instead: https://pip.pypa.io/warnings/venv
#12 DONE 158.1s

#13 [8/9] RUN chmod +x setup_official_multitalk_v78.sh &&     ./setup_official_multitalk_v78.sh
#13 0.346 ==========================================
#13 0.346 Setting up MultiTalk V78 - Replicate Approach
#13 0.346 ==========================================
#13 0.347 📁 Creating directory structure...
#13 0.379 📥 Cloning official MultiTalk repository...
#13 0.403 Cloning into 'MultiTalk'...
#13 1.687 📋 Copying official implementation (without kokoro)...
#13 1.704 cp: cannot stat 'scripts/generate_multitalk.py': No such file or directory
#13 1.706 ⚠️ generate_multitalk.py not found in scripts/, checking root...
#13 1.754 🔧 Patching generate_multitalk.py to remove kokoro dependency...
#13 1.775 Found kokoro import, removing it...
#13 1.847 📦 Installing MultiTalk-specific dependencies...
#13 2.390 Requirement already satisfied: einops in /opt/conda/lib/python3.10/site-packages (0.8.1)
#13 2.390 Requirement already satisfied: rotary-embedding-torch in /opt/conda/lib/python3.10/site-packages (0.8.8)
#13 2.391 Requirement already satisfied: tensorboardX in /opt/conda/lib/python3.10/site-packages (2.6.4)
#13 2.392 Requirement already satisfied: omegaconf in /opt/conda/lib/python3.10/site-packages (2.3.0)
#13 2.396 Requirement already satisfied: torch>=2.0 in /opt/conda/lib/python3.10/site-packages (from rotary-embedding-torch) (2.7.1)
#13 2.399 Requirement already satisfied: numpy in /opt/conda/lib/python3.10/site-packages (from tensorboardX) (1.24.3)
#13 2.399 Requirement already satisfied: packaging in /opt/conda/lib/python3.10/site-packages (from tensorboardX) (23.1)
#13 2.400 Requirement already satisfied: protobuf>=3.20 in /opt/conda/lib/python3.10/site-packages (from tensorboardX) (6.31.1)
#13 2.404 Requirement already satisfied: antlr4-python3-runtime==4.9.* in /opt/conda/lib/python3.10/site-packages (from omegaconf) (4.9.3)
#13 2.405 Requirement already satisfied: PyYAML>=5.1.0 in /opt/conda/lib/python3.10/site-packages (from omegaconf) (6.0.1)
#13 2.437 Requirement already satisfied: filelock in /opt/conda/lib/python3.10/site-packages (from torch>=2.0->rotary-embedding-torch) (3.13.1)
#13 2.437 Requirement already satisfied: typing-extensions>=4.10.0 in /opt/conda/lib/python3.10/site-packages (from torch>=2.0->rotary-embedding-torch) (4.14.1)
#13 2.439 Requirement already satisfied: sympy>=1.13.3 in /opt/conda/lib/python3.10/site-packages (from torch>=2.0->rotary-embedding-torch) (1.14.0)
#13 2.439 Requirement already satisfied: networkx in /opt/conda/lib/python3.10/site-packages (from torch>=2.0->rotary-embedding-torch) (3.1)
#13 2.440 Requirement already satisfied: jinja2 in /opt/conda/lib/python3.10/site-packages (from torch>=2.0->rotary-embedding-torch) (3.1.6)
#13 2.441 Requirement already satisfied: fsspec in /opt/conda/lib/python3.10/site-packages (from torch>=2.0->rotary-embedding-torch) (2023.12.2)
#13 2.442 Requirement already satisfied: nvidia-cuda-nvrtc-cu12==12.6.77 in /opt/conda/lib/python3.10/site-packages (from torch>=2.0->rotary-embedding-torch) (12.6.77)
#13 2.444 Requirement already satisfied: nvidia-cuda-runtime-cu12==12.6.77 in /opt/conda/lib/python3.10/site-packages (from torch>=2.0->rotary-embedding-torch) (12.6.77)
#13 2.446 Requirement already satisfied: nvidia-cuda-cupti-cu12==12.6.80 in /opt/conda/lib/python3.10/site-packages (from torch>=2.0->rotary-embedding-torch) (12.6.80)
#13 2.447 Requirement already satisfied: nvidia-cudnn-cu12==9.5.1.17 in /opt/conda/lib/python3.10/site-packages (from torch>=2.0->rotary-embedding-torch) (9.5.1.17)
#13 2.449 Requirement already satisfied: nvidia-cublas-cu12==12.6.4.1 in /opt/conda/lib/python3.10/site-packages (from torch>=2.0->rotary-embedding-torch) (12.6.4.1)
#13 2.450 Requirement already satisfied: nvidia-cufft-cu12==11.3.0.4 in /opt/conda/lib/python3.10/site-packages (from torch>=2.0->rotary-embedding-torch) (11.3.0.4)
#13 2.452 Requirement already satisfied: nvidia-curand-cu12==10.3.7.77 in /opt/conda/lib/python3.10/site-packages (from torch>=2.0->rotary-embedding-torch) (10.3.7.77)
#13 2.454 Requirement already satisfied: nvidia-cusolver-cu12==11.7.1.2 in /opt/conda/lib/python3.10/site-packages (from torch>=2.0->rotary-embedding-torch) (11.7.1.2)
#13 2.456 Requirement already satisfied: nvidia-cusparse-cu12==12.5.4.2 in /opt/conda/lib/python3.10/site-packages (from torch>=2.0->rotary-embedding-torch) (12.5.4.2)
#13 2.457 Requirement already satisfied: nvidia-cusparselt-cu12==0.6.3 in /opt/conda/lib/python3.10/site-packages (from torch>=2.0->rotary-embedding-torch) (0.6.3)
#13 2.459 Requirement already satisfied: nvidia-nccl-cu12==2.26.2 in /opt/conda/lib/python3.10/site-packages (from torch>=2.0->rotary-embedding-torch) (2.26.2)
#13 2.460 Requirement already satisfied: nvidia-nvtx-cu12==12.6.77 in /opt/conda/lib/python3.10/site-packages (from torch>=2.0->rotary-embedding-torch) (12.6.77)
#13 2.462 Requirement already satisfied: nvidia-nvjitlink-cu12==12.6.85 in /opt/conda/lib/python3.10/site-packages (from torch>=2.0->rotary-embedding-torch) (12.6.85)
#13 2.463 Requirement already satisfied: nvidia-cufile-cu12==1.11.1.6 in /opt/conda/lib/python3.10/site-packages (from torch>=2.0->rotary-embedding-torch) (1.11.1.6)
#13 2.465 Requirement already satisfied: triton==3.3.1 in /opt/conda/lib/python3.10/site-packages (from torch>=2.0->rotary-embedding-torch) (3.3.1)
#13 2.491 Requirement already satisfied: setuptools>=40.8.0 in /opt/conda/lib/python3.10/site-packages (from triton==3.3.1->torch>=2.0->rotary-embedding-torch) (68.2.2)
#13 2.500 Requirement already satisfied: mpmath<1.4,>=1.1.0 in /opt/conda/lib/python3.10/site-packages (from sympy>=1.13.3->torch>=2.0->rotary-embedding-torch) (1.3.0)
#13 2.544 Requirement already satisfied: MarkupSafe>=2.0 in /opt/conda/lib/python3.10/site-packages (from jinja2->torch>=2.0->rotary-embedding-torch) (2.1.1)
#13 3.621 WARNING: Running pip as the 'root' user can result in broken permissions and conflicting behaviour with the system package manager. It is recommended to use a virtual environment instead: https://pip.pypa.io/warnings/venv
#13 3.865 ✅ MultiTalk V78 setup complete!
#13 3.865 📁 Official implementation installed at: /app/multitalk_official
#13 3.865    - generate_multitalk.py (official script, kokoro removed)
#13 3.865    - wan/ (core implementation)
#13 3.865    - NO kokoro module (following Replicate approach)
#13 3.865 
#13 3.865 🎉 Ready to use MultiTalk without misaki dependency!
#13 DONE 3.9s

#14 [9/9] RUN python -c "import runpod; print('✅ RunPod imports')" &&     python -c "import scipy.stats; print('✅ SciPy imports')" &&     python -c "import torch; print('✅ PyTorch imports')" &&     python -c "import transformers; print('✅ Transformers imports')" &&     python -c "import diffusers; print('✅ Diffusers imports')" &&     python -c "import cv2; print('✅ OpenCV imports')" &&     echo "✅ All critical imports successful (including RunPod!)"
#14 2.721 ✅ RunPod imports
#14 3.500 ✅ SciPy imports
#14 5.961 ✅ PyTorch imports
#14 8.685 ✅ Transformers imports
#14 11.41 ✅ Diffusers imports
#14 12.02 ✅ OpenCV imports
#14 12.05 ✅ All critical imports successful (including RunPod!)
#14 DONE 12.1s

#15 exporting to image
#15 exporting layers
#15 exporting layers 11.0s done
#15 writing image sha256:354ae385e6bd0e18604fe42293157e8c0270136701cf84c6d2fda96d397bdd64
#15 writing image sha256:354ae385e6bd0e18604fe42293157e8c0270136701cf84c6d2fda96d397bdd64 done
#15 naming to docker.io/berrylands/multitalk-runpod:v79.1 done
#15 DONE 11.0s

View build details: docker-desktop://dashboard/build/desktop-linux/desktop-linux/8hbkmk6715o9sbqbhd3tvo3ck

 [33m1 warning found (use docker --debug to expand):
[0m - InvalidBaseImagePlatform: Base image pytorch/pytorch:2.1.2-cuda12.1-cudnn8-devel was pulled with platform "linux/amd64", expected "linux/arm64" for current build (line 3)
